<testsuites id="" name="" tests="50" failures="50" skipped="0" errors="0" time="97.632921">
<testsuite name="performance/lighthouse.spec.ts" timestamp="2025-10-23T23:54:22.091Z" hostname="chromium" tests="3" failures="3" skipped="0" time="3.442" errors="0">
<testcase name="Lighthouse Performance Tests › Homepage Lighthouse Audit" classname="performance/lighthouse.spec.ts" time="1.23">
<failure message="lighthouse.spec.ts:15:7 Homepage Lighthouse Audit" type="FAILURE">
<![CDATA[  [chromium] › performance/lighthouse.spec.ts:15:7 › Lighthouse Performance Tests › Homepage Lighthouse Audit 

    TypeError: browser.wsEndpoint is not a function

      24 |       // Run Lighthouse audit
      25 |       const { lhr } = await lighthouse('http://localhost:3000', {
    > 26 |         port: new URL(browser.wsEndpoint()).port,
         |                               ^
      27 |         output: 'json',
      28 |         logLevel: 'info',
      29 |         onlyCategories: ['performance', 'accessibility', 'best-practices', 'seo', 'pwa']
        at /workspace/tests/performance/lighthouse.spec.ts:26:31
]]>
</failure>
</testcase>
<testcase name="Lighthouse Performance Tests › Mobile Performance Audit" classname="performance/lighthouse.spec.ts" time="1.241">
<failure message="lighthouse.spec.ts:70:7 Mobile Performance Audit" type="FAILURE">
<![CDATA[  [chromium] › performance/lighthouse.spec.ts:70:7 › Lighthouse Performance Tests › Mobile Performance Audit 

    TypeError: browser.wsEndpoint is not a function

      82 |       // Run Lighthouse audit with mobile configuration
      83 |       const { lhr } = await lighthouse('http://localhost:3000', {
    > 84 |         port: new URL(browser.wsEndpoint()).port,
         |                               ^
      85 |         output: 'json',
      86 |         logLevel: 'info',
      87 |         onlyCategories: ['performance'],
        at /workspace/tests/performance/lighthouse.spec.ts:84:31
]]>
</failure>
</testcase>
<testcase name="Lighthouse Performance Tests › Performance Budget Validation" classname="performance/lighthouse.spec.ts" time="0.971">
<failure message="lighthouse.spec.ts:121:7 Performance Budget Validation" type="FAILURE">
<![CDATA[  [chromium] › performance/lighthouse.spec.ts:121:7 › Lighthouse Performance Tests › Performance Budget Validation 

    TypeError: browser.wsEndpoint is not a function

      128 |       
      129 |       const { lhr } = await lighthouse('http://localhost:3000', {
    > 130 |         port: new URL(browser.wsEndpoint()).port,
          |                               ^
      131 |         output: 'json',
      132 |         logLevel: 'info',
      133 |         onlyCategories: ['performance']
        at /workspace/tests/performance/lighthouse.spec.ts:130:31
]]>
</failure>
</testcase>
</testsuite>
<testsuite name="performance/performance.spec.ts" timestamp="2025-10-23T23:54:22.091Z" hostname="chromium" tests="7" failures="7" skipped="0" time="38.304" errors="0">
<testcase name="Performance Tests › Homepage Performance" classname="performance/performance.spec.ts" time="33.212">
<failure message="performance.spec.ts:43:7 Homepage Performance" type="FAILURE">
<![CDATA[  [chromium] › performance/performance.spec.ts:43:7 › Performance Tests › Homepage Performance ─────

    Test timeout of 30000ms exceeded.

    TypeError: Cannot read properties of undefined (reading 'length')

      34 |     
      35 |     // Log coverage information
    > 36 |     const jsSize = jsCoverage.reduce((total, entry) => total + entry.text.length, 0);
         |                                                                           ^
      37 |     const cssSize = cssCoverage.reduce((total, entry) => total + entry.text.length, 0);
      38 |     
      39 |     console.log(`JavaScript Coverage: ${(jsSize / 1024).toFixed(2)} KB`);
        at reduce (/workspace/tests/performance/performance.spec.ts:36:75)
        at /workspace/tests/performance/performance.spec.ts:36:31

    Error: page.evaluate: Test timeout of 30000ms exceeded.

      49 |     
      50 |     // Measure performance metrics
    > 51 |     const metrics = await page.evaluate(() => {
         |                                ^
      52 |       return new Promise((resolve) => {
      53 |         const observer = new PerformanceObserver((list) => {
      54 |           const entries = list.getEntries();
        at /workspace/tests/performance/performance.spec.ts:51:32

    attachment #1: screenshot (image/png) ──────────────────────────────────────────────────────────
    ../test-results/performance-performance-Pe-c9850--Tests-Homepage-Performance-chromium/test-failed-1.png
    ────────────────────────────────────────────────────────────────────────────────────────────────

    attachment #2: video (video/webm) ──────────────────────────────────────────────────────────────
    ../test-results/performance-performance-Pe-c9850--Tests-Homepage-Performance-chromium/video.webm
    ────────────────────────────────────────────────────────────────────────────────────────────────

    Error Context: ../test-results/performance-performance-Pe-c9850--Tests-Homepage-Performance-chromium/error-context.md
]]>
</failure>
<system-out>
<![CDATA[
[[ATTACHMENT|performance-performance-Pe-c9850--Tests-Homepage-Performance-chromium/test-failed-1.png]]

[[ATTACHMENT|performance-performance-Pe-c9850--Tests-Homepage-Performance-chromium/video.webm]]

[[ATTACHMENT|performance-performance-Pe-c9850--Tests-Homepage-Performance-chromium/error-context.md]]
]]>
</system-out>
</testcase>
<testcase name="Performance Tests › Component Lazy Loading" classname="performance/performance.spec.ts" time="0.878">
<failure message="performance.spec.ts:90:7 Component Lazy Loading" type="FAILURE">
<![CDATA[  [chromium] › performance/performance.spec.ts:90:7 › Performance Tests › Component Lazy Loading ───

    Error: expect(received).toBeGreaterThan(expected)

    Expected: > 0
    Received:   0

      93 |     // Check that components are lazy loaded
      94 |     const lazyComponents = await page.$$('[data-lazy]');
    > 95 |     expect(lazyComponents.length).toBeGreaterThan(0);
         |                                   ^
      96 |     
      97 |     // Scroll to trigger lazy loading
      98 |     await page.evaluate(() => window.scrollTo(0, document.body.scrollHeight));
        at /workspace/tests/performance/performance.spec.ts:95:35

    TypeError: Cannot read properties of undefined (reading 'length')

      34 |     
      35 |     // Log coverage information
    > 36 |     const jsSize = jsCoverage.reduce((total, entry) => total + entry.text.length, 0);
         |                                                                           ^
      37 |     const cssSize = cssCoverage.reduce((total, entry) => total + entry.text.length, 0);
      38 |     
      39 |     console.log(`JavaScript Coverage: ${(jsSize / 1024).toFixed(2)} KB`);
        at reduce (/workspace/tests/performance/performance.spec.ts:36:75)
        at /workspace/tests/performance/performance.spec.ts:36:31

    attachment #1: screenshot (image/png) ──────────────────────────────────────────────────────────
    ../test-results/performance-performance-Pe-c992d-ests-Component-Lazy-Loading-chromium/test-failed-1.png
    ────────────────────────────────────────────────────────────────────────────────────────────────

    attachment #2: video (video/webm) ──────────────────────────────────────────────────────────────
    ../test-results/performance-performance-Pe-c992d-ests-Component-Lazy-Loading-chromium/video.webm
    ────────────────────────────────────────────────────────────────────────────────────────────────

    Error Context: ../test-results/performance-performance-Pe-c992d-ests-Component-Lazy-Loading-chromium/error-context.md
]]>
</failure>
<system-out>
<![CDATA[
[[ATTACHMENT|performance-performance-Pe-c992d-ests-Component-Lazy-Loading-chromium/test-failed-1.png]]

[[ATTACHMENT|performance-performance-Pe-c992d-ests-Component-Lazy-Loading-chromium/video.webm]]

[[ATTACHMENT|performance-performance-Pe-c992d-ests-Component-Lazy-Loading-chromium/error-context.md]]
]]>
</system-out>
</testcase>
<testcase name="Performance Tests › Image Optimization" classname="performance/performance.spec.ts" time="0.861">
<failure message="performance.spec.ts:106:7 Image Optimization" type="FAILURE">
<![CDATA[  [chromium] › performance/performance.spec.ts:106:7 › Performance Tests › Image Optimization ──────

    Error: expect(received).toBeGreaterThan(expected)

    Expected: > 0
    Received:   0

      109 |     // Check for optimized images
      110 |     const images = await page.$$('img');
    > 111 |     expect(images.length).toBeGreaterThan(0);
          |                           ^
      112 |     
      113 |     // Check image loading performance
      114 |     const imageLoadTimes = await page.evaluate(() => {
        at /workspace/tests/performance/performance.spec.ts:111:27

    TypeError: Cannot read properties of undefined (reading 'length')

      34 |     
      35 |     // Log coverage information
    > 36 |     const jsSize = jsCoverage.reduce((total, entry) => total + entry.text.length, 0);
         |                                                                           ^
      37 |     const cssSize = cssCoverage.reduce((total, entry) => total + entry.text.length, 0);
      38 |     
      39 |     console.log(`JavaScript Coverage: ${(jsSize / 1024).toFixed(2)} KB`);
        at reduce (/workspace/tests/performance/performance.spec.ts:36:75)
        at /workspace/tests/performance/performance.spec.ts:36:31

    attachment #1: screenshot (image/png) ──────────────────────────────────────────────────────────
    ../test-results/performance-performance-Performance-Tests-Image-Optimization-chromium/test-failed-1.png
    ────────────────────────────────────────────────────────────────────────────────────────────────

    attachment #2: video (video/webm) ──────────────────────────────────────────────────────────────
    ../test-results/performance-performance-Performance-Tests-Image-Optimization-chromium/video.webm
    ────────────────────────────────────────────────────────────────────────────────────────────────

    Error Context: ../test-results/performance-performance-Performance-Tests-Image-Optimization-chromium/error-context.md
]]>
</failure>
<system-out>
<![CDATA[
[[ATTACHMENT|performance-performance-Performance-Tests-Image-Optimization-chromium/test-failed-1.png]]

[[ATTACHMENT|performance-performance-Performance-Tests-Image-Optimization-chromium/video.webm]]

[[ATTACHMENT|performance-performance-Performance-Tests-Image-Optimization-chromium/error-context.md]]
]]>
</system-out>
</testcase>
<testcase name="Performance Tests › Bundle Size Analysis" classname="performance/performance.spec.ts" time="0.853">
<failure message="performance.spec.ts:145:7 Bundle Size Analysis" type="FAILURE">
<![CDATA[  [chromium] › performance/performance.spec.ts:145:7 › Performance Tests › Bundle Size Analysis ────

    Error: expect(received).toBeLessThan(expected)

    Expected: < 100
    Received:   159.47265625

      167 |     // Assert bundle size thresholds
      168 |     expect(totalJSSize).toBeLessThan(PERFORMANCE_THRESHOLDS.jsSize);
    > 169 |     expect(totalCSSSize).toBeLessThan(PERFORMANCE_THRESHOLDS.cssSize);
          |                          ^
      170 |     expect(totalSize).toBeLessThan(PERFORMANCE_THRESHOLDS.totalSize);
      171 |     
      172 |     console.log(`Total JS Size: ${totalJSSize.toFixed(2)} KB`);
        at /workspace/tests/performance/performance.spec.ts:169:26

    TypeError: Cannot read properties of undefined (reading 'length')

      34 |     
      35 |     // Log coverage information
    > 36 |     const jsSize = jsCoverage.reduce((total, entry) => total + entry.text.length, 0);
         |                                                                           ^
      37 |     const cssSize = cssCoverage.reduce((total, entry) => total + entry.text.length, 0);
      38 |     
      39 |     console.log(`JavaScript Coverage: ${(jsSize / 1024).toFixed(2)} KB`);
        at reduce (/workspace/tests/performance/performance.spec.ts:36:75)
        at /workspace/tests/performance/performance.spec.ts:36:31

    attachment #1: screenshot (image/png) ──────────────────────────────────────────────────────────
    ../test-results/performance-performance-Pe-f02cc--Tests-Bundle-Size-Analysis-chromium/test-failed-1.png
    ────────────────────────────────────────────────────────────────────────────────────────────────

    attachment #2: video (video/webm) ──────────────────────────────────────────────────────────────
    ../test-results/performance-performance-Pe-f02cc--Tests-Bundle-Size-Analysis-chromium/video.webm
    ────────────────────────────────────────────────────────────────────────────────────────────────

    Error Context: ../test-results/performance-performance-Pe-f02cc--Tests-Bundle-Size-Analysis-chromium/error-context.md
]]>
</failure>
<system-out>
<![CDATA[
[[ATTACHMENT|performance-performance-Pe-f02cc--Tests-Bundle-Size-Analysis-chromium/test-failed-1.png]]

[[ATTACHMENT|performance-performance-Pe-f02cc--Tests-Bundle-Size-Analysis-chromium/video.webm]]

[[ATTACHMENT|performance-performance-Pe-f02cc--Tests-Bundle-Size-Analysis-chromium/error-context.md]]
]]>
</system-out>
</testcase>
<testcase name="Performance Tests › Memory Usage" classname="performance/performance.spec.ts" time="0.808">
<failure message="performance.spec.ts:177:7 Memory Usage" type="FAILURE">
<![CDATA[  [chromium] › performance/performance.spec.ts:177:7 › Performance Tests › Memory Usage ────────────

    TypeError: Cannot read properties of undefined (reading 'length')

      34 |     
      35 |     // Log coverage information
    > 36 |     const jsSize = jsCoverage.reduce((total, entry) => total + entry.text.length, 0);
         |                                                                           ^
      37 |     const cssSize = cssCoverage.reduce((total, entry) => total + entry.text.length, 0);
      38 |     
      39 |     console.log(`JavaScript Coverage: ${(jsSize / 1024).toFixed(2)} KB`);
        at reduce (/workspace/tests/performance/performance.spec.ts:36:75)
        at /workspace/tests/performance/performance.spec.ts:36:31

    attachment #1: video (video/webm) ──────────────────────────────────────────────────────────────
    ../test-results/performance-performance-Performance-Tests-Memory-Usage-chromium/video.webm
    ────────────────────────────────────────────────────────────────────────────────────────────────

    attachment #2: screenshot (image/png) ──────────────────────────────────────────────────────────
    ../test-results/performance-performance-Performance-Tests-Memory-Usage-chromium/test-failed-1.png
    ────────────────────────────────────────────────────────────────────────────────────────────────

    Error Context: ../test-results/performance-performance-Performance-Tests-Memory-Usage-chromium/error-context.md
]]>
</failure>
<system-out>
<![CDATA[Used Memory: 12.78 MB
Total Memory: 16.31 MB

[[ATTACHMENT|performance-performance-Performance-Tests-Memory-Usage-chromium/video.webm]]

[[ATTACHMENT|performance-performance-Performance-Tests-Memory-Usage-chromium/test-failed-1.png]]

[[ATTACHMENT|performance-performance-Performance-Tests-Memory-Usage-chromium/error-context.md]]
]]>
</system-out>
</testcase>
<testcase name="Performance Tests › Service Worker Performance" classname="performance/performance.spec.ts" time="0.884">
<failure message="performance.spec.ts:202:7 Service Worker Performance" type="FAILURE">
<![CDATA[  [chromium] › performance/performance.spec.ts:202:7 › Performance Tests › Service Worker Performance 

    Error: expect(received).toBe(expected) // Object.is equality

    Expected: true
    Received: false

      208 |     });
      209 |     
    > 210 |     expect(swRegistered).toBe(true);
          |                          ^
      211 |     
      212 |     // Test offline functionality
      213 |     await page.context().setOffline(true);
        at /workspace/tests/performance/performance.spec.ts:210:26

    TypeError: Cannot read properties of undefined (reading 'length')

      34 |     
      35 |     // Log coverage information
    > 36 |     const jsSize = jsCoverage.reduce((total, entry) => total + entry.text.length, 0);
         |                                                                           ^
      37 |     const cssSize = cssCoverage.reduce((total, entry) => total + entry.text.length, 0);
      38 |     
      39 |     console.log(`JavaScript Coverage: ${(jsSize / 1024).toFixed(2)} KB`);
        at reduce (/workspace/tests/performance/performance.spec.ts:36:75)
        at /workspace/tests/performance/performance.spec.ts:36:31

    attachment #1: screenshot (image/png) ──────────────────────────────────────────────────────────
    ../test-results/performance-performance-Pe-2c2c2--Service-Worker-Performance-chromium/test-failed-1.png
    ────────────────────────────────────────────────────────────────────────────────────────────────

    attachment #2: video (video/webm) ──────────────────────────────────────────────────────────────
    ../test-results/performance-performance-Pe-2c2c2--Service-Worker-Performance-chromium/video.webm
    ────────────────────────────────────────────────────────────────────────────────────────────────

    Error Context: ../test-results/performance-performance-Pe-2c2c2--Service-Worker-Performance-chromium/error-context.md
]]>
</failure>
<system-out>
<![CDATA[
[[ATTACHMENT|performance-performance-Pe-2c2c2--Service-Worker-Performance-chromium/test-failed-1.png]]

[[ATTACHMENT|performance-performance-Pe-2c2c2--Service-Worker-Performance-chromium/video.webm]]

[[ATTACHMENT|performance-performance-Pe-2c2c2--Service-Worker-Performance-chromium/error-context.md]]
]]>
</system-out>
</testcase>
<testcase name="Performance Tests › Performance Regression Detection" classname="performance/performance.spec.ts" time="0.808">
<failure message="performance.spec.ts:228:7 Performance Regression Detection" type="FAILURE">
<![CDATA[  [chromium] › performance/performance.spec.ts:228:7 › Performance Tests › Performance Regression Detection 

    TypeError: Cannot read properties of undefined (reading 'length')

      34 |     
      35 |     // Log coverage information
    > 36 |     const jsSize = jsCoverage.reduce((total, entry) => total + entry.text.length, 0);
         |                                                                           ^
      37 |     const cssSize = cssCoverage.reduce((total, entry) => total + entry.text.length, 0);
      38 |     
      39 |     console.log(`JavaScript Coverage: ${(jsSize / 1024).toFixed(2)} KB`);
        at reduce (/workspace/tests/performance/performance.spec.ts:36:75)
        at /workspace/tests/performance/performance.spec.ts:36:31

    attachment #1: video (video/webm) ──────────────────────────────────────────────────────────────
    ../test-results/performance-performance-Pe-f8da1-rmance-Regression-Detection-chromium/video.webm
    ────────────────────────────────────────────────────────────────────────────────────────────────

    attachment #2: screenshot (image/png) ──────────────────────────────────────────────────────────
    ../test-results/performance-performance-Pe-f8da1-rmance-Regression-Detection-chromium/test-failed-1.png
    ────────────────────────────────────────────────────────────────────────────────────────────────

    Error Context: ../test-results/performance-performance-Pe-f8da1-rmance-Regression-Detection-chromium/error-context.md
]]>
</failure>
<system-out>
<![CDATA[Performance Snapshot: {
  timestamp: [32m'2025-10-23T23:54:40.075Z'[39m,
  metrics: {
    CLS: [33m0[39m,
    FID: [33m0[39m,
    LCP: [33m0[39m,
    FCP: [33m0[39m,
    TTFB: [33m2.399999976158142[39m,
    loadTime: [33m0.30000001192092896[39m,
    bundleSize: [33m0[39m,
    gzipSize: [33m0[39m
  },
  environment: [32m'test'[39m,
  userAgent: [32m'Mozilla/5.0 (Windows NT 10.0; Win64; x64) AppleWebKit/537.36 (KHTML, like Gecko) Chrome/141.0.7390.37 Safari/537.36'[39m,
  url: [32m'http://localhost:3000/'[39m,
  sessionId: [32m'test-session'[39m
}

[[ATTACHMENT|performance-performance-Pe-f8da1-rmance-Regression-Detection-chromium/video.webm]]

[[ATTACHMENT|performance-performance-Pe-f8da1-rmance-Regression-Detection-chromium/test-failed-1.png]]

[[ATTACHMENT|performance-performance-Pe-f8da1-rmance-Regression-Detection-chromium/error-context.md]]
]]>
</system-out>
</testcase>
</testsuite>
<testsuite name="performance/lighthouse.spec.ts" timestamp="2025-10-23T23:54:22.091Z" hostname="firefox" tests="3" failures="3" skipped="0" time="3.033" errors="0">
<testcase name="Lighthouse Performance Tests › Homepage Lighthouse Audit" classname="performance/lighthouse.spec.ts" time="1.043">
<failure message="lighthouse.spec.ts:15:7 Homepage Lighthouse Audit" type="FAILURE">
<![CDATA[  [firefox] › performance/lighthouse.spec.ts:15:7 › Lighthouse Performance Tests › Homepage Lighthouse Audit 

    TypeError: browser.wsEndpoint is not a function

      24 |       // Run Lighthouse audit
      25 |       const { lhr } = await lighthouse('http://localhost:3000', {
    > 26 |         port: new URL(browser.wsEndpoint()).port,
         |                               ^
      27 |         output: 'json',
      28 |         logLevel: 'info',
      29 |         onlyCategories: ['performance', 'accessibility', 'best-practices', 'seo', 'pwa']
        at /workspace/tests/performance/lighthouse.spec.ts:26:31
]]>
</failure>
</testcase>
<testcase name="Lighthouse Performance Tests › Mobile Performance Audit" classname="performance/lighthouse.spec.ts" time="0.983">
<failure message="lighthouse.spec.ts:70:7 Mobile Performance Audit" type="FAILURE">
<![CDATA[  [firefox] › performance/lighthouse.spec.ts:70:7 › Lighthouse Performance Tests › Mobile Performance Audit 

    TypeError: browser.wsEndpoint is not a function

      82 |       // Run Lighthouse audit with mobile configuration
      83 |       const { lhr } = await lighthouse('http://localhost:3000', {
    > 84 |         port: new URL(browser.wsEndpoint()).port,
         |                               ^
      85 |         output: 'json',
      86 |         logLevel: 'info',
      87 |         onlyCategories: ['performance'],
        at /workspace/tests/performance/lighthouse.spec.ts:84:31
]]>
</failure>
</testcase>
<testcase name="Lighthouse Performance Tests › Performance Budget Validation" classname="performance/lighthouse.spec.ts" time="1.007">
<failure message="lighthouse.spec.ts:121:7 Performance Budget Validation" type="FAILURE">
<![CDATA[  [firefox] › performance/lighthouse.spec.ts:121:7 › Lighthouse Performance Tests › Performance Budget Validation 

    TypeError: browser.wsEndpoint is not a function

      128 |       
      129 |       const { lhr } = await lighthouse('http://localhost:3000', {
    > 130 |         port: new URL(browser.wsEndpoint()).port,
          |                               ^
      131 |         output: 'json',
      132 |         logLevel: 'info',
      133 |         onlyCategories: ['performance']
        at /workspace/tests/performance/lighthouse.spec.ts:130:31
]]>
</failure>
</testcase>
</testsuite>
<testsuite name="performance/performance.spec.ts" timestamp="2025-10-23T23:54:22.091Z" hostname="firefox" tests="7" failures="7" skipped="0" time="9.673" errors="0">
<testcase name="Performance Tests › Homepage Performance" classname="performance/performance.spec.ts" time="1.378">
<failure message="performance.spec.ts:43:7 Homepage Performance" type="FAILURE">
<![CDATA[  [firefox] › performance/performance.spec.ts:43:7 › Performance Tests › Homepage Performance ──────

    TypeError: coverage.startJSCoverage: Cannot read properties of null (reading 'startJSCoverage')

      24 |   test.beforeEach(async ({ page }) => {
      25 |     // Enable performance monitoring
    > 26 |     await page.coverage.startJSCoverage();
         |                         ^
      27 |     await page.coverage.startCSSCoverage();
      28 |   });
      29 |
        at /workspace/tests/performance/performance.spec.ts:26:25

    TypeError: coverage.stopJSCoverage: Cannot read properties of null (reading 'stopJSCoverage')

      30 |   test.afterEach(async ({ page }) => {
      31 |     // Collect coverage data
    > 32 |     const jsCoverage = await page.coverage.stopJSCoverage();
         |                                            ^
      33 |     const cssCoverage = await page.coverage.stopCSSCoverage();
      34 |     
      35 |     // Log coverage information
        at /workspace/tests/performance/performance.spec.ts:32:44

    attachment #1: screenshot (image/png) ──────────────────────────────────────────────────────────
    ../test-results/performance-performance-Pe-c9850--Tests-Homepage-Performance-firefox/test-failed-1.png
    ────────────────────────────────────────────────────────────────────────────────────────────────

    attachment #2: video (video/webm) ──────────────────────────────────────────────────────────────
    ../test-results/performance-performance-Pe-c9850--Tests-Homepage-Performance-firefox/video.webm
    ────────────────────────────────────────────────────────────────────────────────────────────────
]]>
</failure>
<system-out>
<![CDATA[
[[ATTACHMENT|performance-performance-Pe-c9850--Tests-Homepage-Performance-firefox/test-failed-1.png]]

[[ATTACHMENT|performance-performance-Pe-c9850--Tests-Homepage-Performance-firefox/video.webm]]
]]>
</system-out>
</testcase>
<testcase name="Performance Tests › Component Lazy Loading" classname="performance/performance.spec.ts" time="1.381">
<failure message="performance.spec.ts:90:7 Component Lazy Loading" type="FAILURE">
<![CDATA[  [firefox] › performance/performance.spec.ts:90:7 › Performance Tests › Component Lazy Loading ────

    TypeError: coverage.startJSCoverage: Cannot read properties of null (reading 'startJSCoverage')

      24 |   test.beforeEach(async ({ page }) => {
      25 |     // Enable performance monitoring
    > 26 |     await page.coverage.startJSCoverage();
         |                         ^
      27 |     await page.coverage.startCSSCoverage();
      28 |   });
      29 |
        at /workspace/tests/performance/performance.spec.ts:26:25

    TypeError: coverage.stopJSCoverage: Cannot read properties of null (reading 'stopJSCoverage')

      30 |   test.afterEach(async ({ page }) => {
      31 |     // Collect coverage data
    > 32 |     const jsCoverage = await page.coverage.stopJSCoverage();
         |                                            ^
      33 |     const cssCoverage = await page.coverage.stopCSSCoverage();
      34 |     
      35 |     // Log coverage information
        at /workspace/tests/performance/performance.spec.ts:32:44

    attachment #1: screenshot (image/png) ──────────────────────────────────────────────────────────
    ../test-results/performance-performance-Pe-c992d-ests-Component-Lazy-Loading-firefox/test-failed-1.png
    ────────────────────────────────────────────────────────────────────────────────────────────────

    attachment #2: video (video/webm) ──────────────────────────────────────────────────────────────
    ../test-results/performance-performance-Pe-c992d-ests-Component-Lazy-Loading-firefox/video.webm
    ────────────────────────────────────────────────────────────────────────────────────────────────
]]>
</failure>
<system-out>
<![CDATA[
[[ATTACHMENT|performance-performance-Pe-c992d-ests-Component-Lazy-Loading-firefox/test-failed-1.png]]

[[ATTACHMENT|performance-performance-Pe-c992d-ests-Component-Lazy-Loading-firefox/video.webm]]
]]>
</system-out>
</testcase>
<testcase name="Performance Tests › Image Optimization" classname="performance/performance.spec.ts" time="1.425">
<failure message="performance.spec.ts:106:7 Image Optimization" type="FAILURE">
<![CDATA[  [firefox] › performance/performance.spec.ts:106:7 › Performance Tests › Image Optimization ───────

    TypeError: coverage.startJSCoverage: Cannot read properties of null (reading 'startJSCoverage')

      24 |   test.beforeEach(async ({ page }) => {
      25 |     // Enable performance monitoring
    > 26 |     await page.coverage.startJSCoverage();
         |                         ^
      27 |     await page.coverage.startCSSCoverage();
      28 |   });
      29 |
        at /workspace/tests/performance/performance.spec.ts:26:25

    TypeError: coverage.stopJSCoverage: Cannot read properties of null (reading 'stopJSCoverage')

      30 |   test.afterEach(async ({ page }) => {
      31 |     // Collect coverage data
    > 32 |     const jsCoverage = await page.coverage.stopJSCoverage();
         |                                            ^
      33 |     const cssCoverage = await page.coverage.stopCSSCoverage();
      34 |     
      35 |     // Log coverage information
        at /workspace/tests/performance/performance.spec.ts:32:44

    attachment #1: screenshot (image/png) ──────────────────────────────────────────────────────────
    ../test-results/performance-performance-Performance-Tests-Image-Optimization-firefox/test-failed-1.png
    ────────────────────────────────────────────────────────────────────────────────────────────────

    attachment #2: video (video/webm) ──────────────────────────────────────────────────────────────
    ../test-results/performance-performance-Performance-Tests-Image-Optimization-firefox/video.webm
    ────────────────────────────────────────────────────────────────────────────────────────────────
]]>
</failure>
<system-out>
<![CDATA[
[[ATTACHMENT|performance-performance-Performance-Tests-Image-Optimization-firefox/test-failed-1.png]]

[[ATTACHMENT|performance-performance-Performance-Tests-Image-Optimization-firefox/video.webm]]
]]>
</system-out>
</testcase>
<testcase name="Performance Tests › Bundle Size Analysis" classname="performance/performance.spec.ts" time="1.332">
<failure message="performance.spec.ts:145:7 Bundle Size Analysis" type="FAILURE">
<![CDATA[  [firefox] › performance/performance.spec.ts:145:7 › Performance Tests › Bundle Size Analysis ─────

    TypeError: coverage.startJSCoverage: Cannot read properties of null (reading 'startJSCoverage')

      24 |   test.beforeEach(async ({ page }) => {
      25 |     // Enable performance monitoring
    > 26 |     await page.coverage.startJSCoverage();
         |                         ^
      27 |     await page.coverage.startCSSCoverage();
      28 |   });
      29 |
        at /workspace/tests/performance/performance.spec.ts:26:25

    TypeError: coverage.stopJSCoverage: Cannot read properties of null (reading 'stopJSCoverage')

      30 |   test.afterEach(async ({ page }) => {
      31 |     // Collect coverage data
    > 32 |     const jsCoverage = await page.coverage.stopJSCoverage();
         |                                            ^
      33 |     const cssCoverage = await page.coverage.stopCSSCoverage();
      34 |     
      35 |     // Log coverage information
        at /workspace/tests/performance/performance.spec.ts:32:44

    attachment #1: screenshot (image/png) ──────────────────────────────────────────────────────────
    ../test-results/performance-performance-Pe-f02cc--Tests-Bundle-Size-Analysis-firefox/test-failed-1.png
    ────────────────────────────────────────────────────────────────────────────────────────────────

    attachment #2: video (video/webm) ──────────────────────────────────────────────────────────────
    ../test-results/performance-performance-Pe-f02cc--Tests-Bundle-Size-Analysis-firefox/video.webm
    ────────────────────────────────────────────────────────────────────────────────────────────────
]]>
</failure>
<system-out>
<![CDATA[
[[ATTACHMENT|performance-performance-Pe-f02cc--Tests-Bundle-Size-Analysis-firefox/test-failed-1.png]]

[[ATTACHMENT|performance-performance-Pe-f02cc--Tests-Bundle-Size-Analysis-firefox/video.webm]]
]]>
</system-out>
</testcase>
<testcase name="Performance Tests › Memory Usage" classname="performance/performance.spec.ts" time="1.397">
<failure message="performance.spec.ts:177:7 Memory Usage" type="FAILURE">
<![CDATA[  [firefox] › performance/performance.spec.ts:177:7 › Performance Tests › Memory Usage ─────────────

    TypeError: coverage.startJSCoverage: Cannot read properties of null (reading 'startJSCoverage')

      24 |   test.beforeEach(async ({ page }) => {
      25 |     // Enable performance monitoring
    > 26 |     await page.coverage.startJSCoverage();
         |                         ^
      27 |     await page.coverage.startCSSCoverage();
      28 |   });
      29 |
        at /workspace/tests/performance/performance.spec.ts:26:25

    TypeError: coverage.stopJSCoverage: Cannot read properties of null (reading 'stopJSCoverage')

      30 |   test.afterEach(async ({ page }) => {
      31 |     // Collect coverage data
    > 32 |     const jsCoverage = await page.coverage.stopJSCoverage();
         |                                            ^
      33 |     const cssCoverage = await page.coverage.stopCSSCoverage();
      34 |     
      35 |     // Log coverage information
        at /workspace/tests/performance/performance.spec.ts:32:44

    attachment #1: screenshot (image/png) ──────────────────────────────────────────────────────────
    ../test-results/performance-performance-Performance-Tests-Memory-Usage-firefox/test-failed-1.png
    ────────────────────────────────────────────────────────────────────────────────────────────────

    attachment #2: video (video/webm) ──────────────────────────────────────────────────────────────
    ../test-results/performance-performance-Performance-Tests-Memory-Usage-firefox/video.webm
    ────────────────────────────────────────────────────────────────────────────────────────────────
]]>
</failure>
<system-out>
<![CDATA[
[[ATTACHMENT|performance-performance-Performance-Tests-Memory-Usage-firefox/test-failed-1.png]]

[[ATTACHMENT|performance-performance-Performance-Tests-Memory-Usage-firefox/video.webm]]
]]>
</system-out>
</testcase>
<testcase name="Performance Tests › Service Worker Performance" classname="performance/performance.spec.ts" time="1.384">
<failure message="performance.spec.ts:202:7 Service Worker Performance" type="FAILURE">
<![CDATA[  [firefox] › performance/performance.spec.ts:202:7 › Performance Tests › Service Worker Performance 

    TypeError: coverage.startJSCoverage: Cannot read properties of null (reading 'startJSCoverage')

      24 |   test.beforeEach(async ({ page }) => {
      25 |     // Enable performance monitoring
    > 26 |     await page.coverage.startJSCoverage();
         |                         ^
      27 |     await page.coverage.startCSSCoverage();
      28 |   });
      29 |
        at /workspace/tests/performance/performance.spec.ts:26:25

    TypeError: coverage.stopJSCoverage: Cannot read properties of null (reading 'stopJSCoverage')

      30 |   test.afterEach(async ({ page }) => {
      31 |     // Collect coverage data
    > 32 |     const jsCoverage = await page.coverage.stopJSCoverage();
         |                                            ^
      33 |     const cssCoverage = await page.coverage.stopCSSCoverage();
      34 |     
      35 |     // Log coverage information
        at /workspace/tests/performance/performance.spec.ts:32:44

    attachment #1: screenshot (image/png) ──────────────────────────────────────────────────────────
    ../test-results/performance-performance-Pe-2c2c2--Service-Worker-Performance-firefox/test-failed-1.png
    ────────────────────────────────────────────────────────────────────────────────────────────────

    attachment #2: video (video/webm) ──────────────────────────────────────────────────────────────
    ../test-results/performance-performance-Pe-2c2c2--Service-Worker-Performance-firefox/video.webm
    ────────────────────────────────────────────────────────────────────────────────────────────────
]]>
</failure>
<system-out>
<![CDATA[
[[ATTACHMENT|performance-performance-Pe-2c2c2--Service-Worker-Performance-firefox/test-failed-1.png]]

[[ATTACHMENT|performance-performance-Pe-2c2c2--Service-Worker-Performance-firefox/video.webm]]
]]>
</system-out>
</testcase>
<testcase name="Performance Tests › Performance Regression Detection" classname="performance/performance.spec.ts" time="1.376">
<failure message="performance.spec.ts:228:7 Performance Regression Detection" type="FAILURE">
<![CDATA[  [firefox] › performance/performance.spec.ts:228:7 › Performance Tests › Performance Regression Detection 

    TypeError: coverage.startJSCoverage: Cannot read properties of null (reading 'startJSCoverage')

      24 |   test.beforeEach(async ({ page }) => {
      25 |     // Enable performance monitoring
    > 26 |     await page.coverage.startJSCoverage();
         |                         ^
      27 |     await page.coverage.startCSSCoverage();
      28 |   });
      29 |
        at /workspace/tests/performance/performance.spec.ts:26:25

    TypeError: coverage.stopJSCoverage: Cannot read properties of null (reading 'stopJSCoverage')

      30 |   test.afterEach(async ({ page }) => {
      31 |     // Collect coverage data
    > 32 |     const jsCoverage = await page.coverage.stopJSCoverage();
         |                                            ^
      33 |     const cssCoverage = await page.coverage.stopCSSCoverage();
      34 |     
      35 |     // Log coverage information
        at /workspace/tests/performance/performance.spec.ts:32:44

    attachment #1: screenshot (image/png) ──────────────────────────────────────────────────────────
    ../test-results/performance-performance-Pe-f8da1-rmance-Regression-Detection-firefox/test-failed-1.png
    ────────────────────────────────────────────────────────────────────────────────────────────────

    attachment #2: video (video/webm) ──────────────────────────────────────────────────────────────
    ../test-results/performance-performance-Pe-f8da1-rmance-Regression-Detection-firefox/video.webm
    ────────────────────────────────────────────────────────────────────────────────────────────────
]]>
</failure>
<system-out>
<![CDATA[
[[ATTACHMENT|performance-performance-Pe-f8da1-rmance-Regression-Detection-firefox/test-failed-1.png]]

[[ATTACHMENT|performance-performance-Pe-f8da1-rmance-Regression-Detection-firefox/video.webm]]
]]>
</system-out>
</testcase>
</testsuite>
<testsuite name="performance/lighthouse.spec.ts" timestamp="2025-10-23T23:54:22.091Z" hostname="webkit" tests="3" failures="3" skipped="0" time="3.193" errors="0">
<testcase name="Lighthouse Performance Tests › Homepage Lighthouse Audit" classname="performance/lighthouse.spec.ts" time="1.07">
<failure message="lighthouse.spec.ts:15:7 Homepage Lighthouse Audit" type="FAILURE">
<![CDATA[  [webkit] › performance/lighthouse.spec.ts:15:7 › Lighthouse Performance Tests › Homepage Lighthouse Audit 

    TypeError: browser.wsEndpoint is not a function

      24 |       // Run Lighthouse audit
      25 |       const { lhr } = await lighthouse('http://localhost:3000', {
    > 26 |         port: new URL(browser.wsEndpoint()).port,
         |                               ^
      27 |         output: 'json',
      28 |         logLevel: 'info',
      29 |         onlyCategories: ['performance', 'accessibility', 'best-practices', 'seo', 'pwa']
        at /workspace/tests/performance/lighthouse.spec.ts:26:31
]]>
</failure>
</testcase>
<testcase name="Lighthouse Performance Tests › Mobile Performance Audit" classname="performance/lighthouse.spec.ts" time="1.043">
<failure message="lighthouse.spec.ts:70:7 Mobile Performance Audit" type="FAILURE">
<![CDATA[  [webkit] › performance/lighthouse.spec.ts:70:7 › Lighthouse Performance Tests › Mobile Performance Audit 

    TypeError: browser.wsEndpoint is not a function

      82 |       // Run Lighthouse audit with mobile configuration
      83 |       const { lhr } = await lighthouse('http://localhost:3000', {
    > 84 |         port: new URL(browser.wsEndpoint()).port,
         |                               ^
      85 |         output: 'json',
      86 |         logLevel: 'info',
      87 |         onlyCategories: ['performance'],
        at /workspace/tests/performance/lighthouse.spec.ts:84:31
]]>
</failure>
</testcase>
<testcase name="Lighthouse Performance Tests › Performance Budget Validation" classname="performance/lighthouse.spec.ts" time="1.08">
<failure message="lighthouse.spec.ts:121:7 Performance Budget Validation" type="FAILURE">
<![CDATA[  [webkit] › performance/lighthouse.spec.ts:121:7 › Lighthouse Performance Tests › Performance Budget Validation 

    TypeError: browser.wsEndpoint is not a function

      128 |       
      129 |       const { lhr } = await lighthouse('http://localhost:3000', {
    > 130 |         port: new URL(browser.wsEndpoint()).port,
          |                               ^
      131 |         output: 'json',
      132 |         logLevel: 'info',
      133 |         onlyCategories: ['performance']
        at /workspace/tests/performance/lighthouse.spec.ts:130:31
]]>
</failure>
</testcase>
</testsuite>
<testsuite name="performance/performance.spec.ts" timestamp="2025-10-23T23:54:22.091Z" hostname="webkit" tests="7" failures="7" skipped="0" time="0.06" errors="0">
<testcase name="Performance Tests › Homepage Performance" classname="performance/performance.spec.ts" time="0.006">
<failure message="performance.spec.ts:43:7 Homepage Performance" type="FAILURE">
<![CDATA[  [webkit] › performance/performance.spec.ts:43:7 › Performance Tests › Homepage Performance ───────

    Error: browserType.launch: 
    ╔══════════════════════════════════════════════════════╗
    ║ Host system is missing dependencies to run browsers. ║
    ║ Missing libraries:                                   ║
    ║     libgstreamer-1.0.so.0                            ║
    ║     libgtk-4.so.1                                    ║
    ║     libgraphene-1.0.so.0                             ║
    ║     libicudata.so.74                                 ║
    ║     libicui18n.so.74                                 ║
    ║     libicuuc.so.74                                   ║
    ║     libxslt.so.1                                     ║
    ║     libwoff2dec.so.1.0.2                             ║
    ║     libvpx.so.9                                      ║
    ║     libevent-2.1.so.7                                ║
    ║     libopus.so.0                                     ║
    ║     libgstallocators-1.0.so.0                        ║
    ║     libgstapp-1.0.so.0                               ║
    ║     libgstbase-1.0.so.0                              ║
    ║     libgstpbutils-1.0.so.0                           ║
    ║     libgstaudio-1.0.so.0                             ║
    ║     libgsttag-1.0.so.0                               ║
    ║     libgstvideo-1.0.so.0                             ║
    ║     libgstgl-1.0.so.0                                ║
    ║     libgstcodecparsers-1.0.so.0                      ║
    ║     libgstfft-1.0.so.0                               ║
    ║     libflite.so.1                                    ║
    ║     libflite_usenglish.so.1                          ║
    ║     libflite_cmu_grapheme_lang.so.1                  ║
    ║     libflite_cmu_grapheme_lex.so.1                   ║
    ║     libflite_cmu_indic_lang.so.1                     ║
    ║     libflite_cmu_indic_lex.so.1                      ║
    ║     libflite_cmulex.so.1                             ║
    ║     libflite_cmu_time_awb.so.1                       ║
    ║     libflite_cmu_us_awb.so.1                         ║
    ║     libflite_cmu_us_kal16.so.1                       ║
    ║     libflite_cmu_us_kal.so.1                         ║
    ║     libflite_cmu_us_rms.so.1                         ║
    ║     libflite_cmu_us_slt.so.1                         ║
    ║     libavif.so.16                                    ║
    ║     libharfbuzz-icu.so.0                             ║
    ║     libwebpmux.so.3                                  ║
    ║     libenchant-2.so.2                                ║
    ║     libsecret-1.so.0                                 ║
    ║     libhyphen.so.0                                   ║
    ║     libmanette-0.2.so.0                              ║
    ║     libGLESv2.so.2                                   ║
    ║     libx264.so                                       ║
    ╚══════════════════════════════════════════════════════╝
]]>
</failure>
</testcase>
<testcase name="Performance Tests › Component Lazy Loading" classname="performance/performance.spec.ts" time="0.006">
<failure message="performance.spec.ts:90:7 Component Lazy Loading" type="FAILURE">
<![CDATA[  [webkit] › performance/performance.spec.ts:90:7 › Performance Tests › Component Lazy Loading ─────

    Error: browserType.launch: 
    ╔══════════════════════════════════════════════════════╗
    ║ Host system is missing dependencies to run browsers. ║
    ║ Missing libraries:                                   ║
    ║     libgstreamer-1.0.so.0                            ║
    ║     libgtk-4.so.1                                    ║
    ║     libgraphene-1.0.so.0                             ║
    ║     libicudata.so.74                                 ║
    ║     libicui18n.so.74                                 ║
    ║     libicuuc.so.74                                   ║
    ║     libxslt.so.1                                     ║
    ║     libwoff2dec.so.1.0.2                             ║
    ║     libvpx.so.9                                      ║
    ║     libevent-2.1.so.7                                ║
    ║     libopus.so.0                                     ║
    ║     libgstallocators-1.0.so.0                        ║
    ║     libgstapp-1.0.so.0                               ║
    ║     libgstbase-1.0.so.0                              ║
    ║     libgstpbutils-1.0.so.0                           ║
    ║     libgstaudio-1.0.so.0                             ║
    ║     libgsttag-1.0.so.0                               ║
    ║     libgstvideo-1.0.so.0                             ║
    ║     libgstgl-1.0.so.0                                ║
    ║     libgstcodecparsers-1.0.so.0                      ║
    ║     libgstfft-1.0.so.0                               ║
    ║     libflite.so.1                                    ║
    ║     libflite_usenglish.so.1                          ║
    ║     libflite_cmu_grapheme_lang.so.1                  ║
    ║     libflite_cmu_grapheme_lex.so.1                   ║
    ║     libflite_cmu_indic_lang.so.1                     ║
    ║     libflite_cmu_indic_lex.so.1                      ║
    ║     libflite_cmulex.so.1                             ║
    ║     libflite_cmu_time_awb.so.1                       ║
    ║     libflite_cmu_us_awb.so.1                         ║
    ║     libflite_cmu_us_kal16.so.1                       ║
    ║     libflite_cmu_us_kal.so.1                         ║
    ║     libflite_cmu_us_rms.so.1                         ║
    ║     libflite_cmu_us_slt.so.1                         ║
    ║     libavif.so.16                                    ║
    ║     libharfbuzz-icu.so.0                             ║
    ║     libwebpmux.so.3                                  ║
    ║     libenchant-2.so.2                                ║
    ║     libsecret-1.so.0                                 ║
    ║     libhyphen.so.0                                   ║
    ║     libmanette-0.2.so.0                              ║
    ║     libGLESv2.so.2                                   ║
    ║     libx264.so                                       ║
    ╚══════════════════════════════════════════════════════╝
]]>
</failure>
</testcase>
<testcase name="Performance Tests › Image Optimization" classname="performance/performance.spec.ts" time="0.024">
<failure message="performance.spec.ts:106:7 Image Optimization" type="FAILURE">
<![CDATA[  [webkit] › performance/performance.spec.ts:106:7 › Performance Tests › Image Optimization ────────

    Error: browserType.launch: 
    ╔══════════════════════════════════════════════════════╗
    ║ Host system is missing dependencies to run browsers. ║
    ║ Missing libraries:                                   ║
    ║     libgstreamer-1.0.so.0                            ║
    ║     libgtk-4.so.1                                    ║
    ║     libgraphene-1.0.so.0                             ║
    ║     libicudata.so.74                                 ║
    ║     libicui18n.so.74                                 ║
    ║     libicuuc.so.74                                   ║
    ║     libxslt.so.1                                     ║
    ║     libwoff2dec.so.1.0.2                             ║
    ║     libvpx.so.9                                      ║
    ║     libevent-2.1.so.7                                ║
    ║     libopus.so.0                                     ║
    ║     libgstallocators-1.0.so.0                        ║
    ║     libgstapp-1.0.so.0                               ║
    ║     libgstbase-1.0.so.0                              ║
    ║     libgstpbutils-1.0.so.0                           ║
    ║     libgstaudio-1.0.so.0                             ║
    ║     libgsttag-1.0.so.0                               ║
    ║     libgstvideo-1.0.so.0                             ║
    ║     libgstgl-1.0.so.0                                ║
    ║     libgstcodecparsers-1.0.so.0                      ║
    ║     libgstfft-1.0.so.0                               ║
    ║     libflite.so.1                                    ║
    ║     libflite_usenglish.so.1                          ║
    ║     libflite_cmu_grapheme_lang.so.1                  ║
    ║     libflite_cmu_grapheme_lex.so.1                   ║
    ║     libflite_cmu_indic_lang.so.1                     ║
    ║     libflite_cmu_indic_lex.so.1                      ║
    ║     libflite_cmulex.so.1                             ║
    ║     libflite_cmu_time_awb.so.1                       ║
    ║     libflite_cmu_us_awb.so.1                         ║
    ║     libflite_cmu_us_kal16.so.1                       ║
    ║     libflite_cmu_us_kal.so.1                         ║
    ║     libflite_cmu_us_rms.so.1                         ║
    ║     libflite_cmu_us_slt.so.1                         ║
    ║     libavif.so.16                                    ║
    ║     libharfbuzz-icu.so.0                             ║
    ║     libwebpmux.so.3                                  ║
    ║     libenchant-2.so.2                                ║
    ║     libsecret-1.so.0                                 ║
    ║     libhyphen.so.0                                   ║
    ║     libmanette-0.2.so.0                              ║
    ║     libGLESv2.so.2                                   ║
    ║     libx264.so                                       ║
    ╚══════════════════════════════════════════════════════╝
]]>
</failure>
</testcase>
<testcase name="Performance Tests › Bundle Size Analysis" classname="performance/performance.spec.ts" time="0.006">
<failure message="performance.spec.ts:145:7 Bundle Size Analysis" type="FAILURE">
<![CDATA[  [webkit] › performance/performance.spec.ts:145:7 › Performance Tests › Bundle Size Analysis ──────

    Error: browserType.launch: 
    ╔══════════════════════════════════════════════════════╗
    ║ Host system is missing dependencies to run browsers. ║
    ║ Missing libraries:                                   ║
    ║     libgstreamer-1.0.so.0                            ║
    ║     libgtk-4.so.1                                    ║
    ║     libgraphene-1.0.so.0                             ║
    ║     libicudata.so.74                                 ║
    ║     libicui18n.so.74                                 ║
    ║     libicuuc.so.74                                   ║
    ║     libxslt.so.1                                     ║
    ║     libwoff2dec.so.1.0.2                             ║
    ║     libvpx.so.9                                      ║
    ║     libevent-2.1.so.7                                ║
    ║     libopus.so.0                                     ║
    ║     libgstallocators-1.0.so.0                        ║
    ║     libgstapp-1.0.so.0                               ║
    ║     libgstbase-1.0.so.0                              ║
    ║     libgstpbutils-1.0.so.0                           ║
    ║     libgstaudio-1.0.so.0                             ║
    ║     libgsttag-1.0.so.0                               ║
    ║     libgstvideo-1.0.so.0                             ║
    ║     libgstgl-1.0.so.0                                ║
    ║     libgstcodecparsers-1.0.so.0                      ║
    ║     libgstfft-1.0.so.0                               ║
    ║     libflite.so.1                                    ║
    ║     libflite_usenglish.so.1                          ║
    ║     libflite_cmu_grapheme_lang.so.1                  ║
    ║     libflite_cmu_grapheme_lex.so.1                   ║
    ║     libflite_cmu_indic_lang.so.1                     ║
    ║     libflite_cmu_indic_lex.so.1                      ║
    ║     libflite_cmulex.so.1                             ║
    ║     libflite_cmu_time_awb.so.1                       ║
    ║     libflite_cmu_us_awb.so.1                         ║
    ║     libflite_cmu_us_kal16.so.1                       ║
    ║     libflite_cmu_us_kal.so.1                         ║
    ║     libflite_cmu_us_rms.so.1                         ║
    ║     libflite_cmu_us_slt.so.1                         ║
    ║     libavif.so.16                                    ║
    ║     libharfbuzz-icu.so.0                             ║
    ║     libwebpmux.so.3                                  ║
    ║     libenchant-2.so.2                                ║
    ║     libsecret-1.so.0                                 ║
    ║     libhyphen.so.0                                   ║
    ║     libmanette-0.2.so.0                              ║
    ║     libGLESv2.so.2                                   ║
    ║     libx264.so                                       ║
    ╚══════════════════════════════════════════════════════╝
]]>
</failure>
</testcase>
<testcase name="Performance Tests › Memory Usage" classname="performance/performance.spec.ts" time="0.006">
<failure message="performance.spec.ts:177:7 Memory Usage" type="FAILURE">
<![CDATA[  [webkit] › performance/performance.spec.ts:177:7 › Performance Tests › Memory Usage ──────────────

    Error: browserType.launch: 
    ╔══════════════════════════════════════════════════════╗
    ║ Host system is missing dependencies to run browsers. ║
    ║ Missing libraries:                                   ║
    ║     libgstreamer-1.0.so.0                            ║
    ║     libgtk-4.so.1                                    ║
    ║     libgraphene-1.0.so.0                             ║
    ║     libicudata.so.74                                 ║
    ║     libicui18n.so.74                                 ║
    ║     libicuuc.so.74                                   ║
    ║     libxslt.so.1                                     ║
    ║     libwoff2dec.so.1.0.2                             ║
    ║     libvpx.so.9                                      ║
    ║     libevent-2.1.so.7                                ║
    ║     libopus.so.0                                     ║
    ║     libgstallocators-1.0.so.0                        ║
    ║     libgstapp-1.0.so.0                               ║
    ║     libgstbase-1.0.so.0                              ║
    ║     libgstpbutils-1.0.so.0                           ║
    ║     libgstaudio-1.0.so.0                             ║
    ║     libgsttag-1.0.so.0                               ║
    ║     libgstvideo-1.0.so.0                             ║
    ║     libgstgl-1.0.so.0                                ║
    ║     libgstcodecparsers-1.0.so.0                      ║
    ║     libgstfft-1.0.so.0                               ║
    ║     libflite.so.1                                    ║
    ║     libflite_usenglish.so.1                          ║
    ║     libflite_cmu_grapheme_lang.so.1                  ║
    ║     libflite_cmu_grapheme_lex.so.1                   ║
    ║     libflite_cmu_indic_lang.so.1                     ║
    ║     libflite_cmu_indic_lex.so.1                      ║
    ║     libflite_cmulex.so.1                             ║
    ║     libflite_cmu_time_awb.so.1                       ║
    ║     libflite_cmu_us_awb.so.1                         ║
    ║     libflite_cmu_us_kal16.so.1                       ║
    ║     libflite_cmu_us_kal.so.1                         ║
    ║     libflite_cmu_us_rms.so.1                         ║
    ║     libflite_cmu_us_slt.so.1                         ║
    ║     libavif.so.16                                    ║
    ║     libharfbuzz-icu.so.0                             ║
    ║     libwebpmux.so.3                                  ║
    ║     libenchant-2.so.2                                ║
    ║     libsecret-1.so.0                                 ║
    ║     libhyphen.so.0                                   ║
    ║     libmanette-0.2.so.0                              ║
    ║     libGLESv2.so.2                                   ║
    ║     libx264.so                                       ║
    ╚══════════════════════════════════════════════════════╝
]]>
</failure>
</testcase>
<testcase name="Performance Tests › Service Worker Performance" classname="performance/performance.spec.ts" time="0.006">
<failure message="performance.spec.ts:202:7 Service Worker Performance" type="FAILURE">
<![CDATA[  [webkit] › performance/performance.spec.ts:202:7 › Performance Tests › Service Worker Performance 

    Error: browserType.launch: 
    ╔══════════════════════════════════════════════════════╗
    ║ Host system is missing dependencies to run browsers. ║
    ║ Missing libraries:                                   ║
    ║     libgstreamer-1.0.so.0                            ║
    ║     libgtk-4.so.1                                    ║
    ║     libgraphene-1.0.so.0                             ║
    ║     libicudata.so.74                                 ║
    ║     libicui18n.so.74                                 ║
    ║     libicuuc.so.74                                   ║
    ║     libxslt.so.1                                     ║
    ║     libwoff2dec.so.1.0.2                             ║
    ║     libvpx.so.9                                      ║
    ║     libevent-2.1.so.7                                ║
    ║     libopus.so.0                                     ║
    ║     libgstallocators-1.0.so.0                        ║
    ║     libgstapp-1.0.so.0                               ║
    ║     libgstbase-1.0.so.0                              ║
    ║     libgstpbutils-1.0.so.0                           ║
    ║     libgstaudio-1.0.so.0                             ║
    ║     libgsttag-1.0.so.0                               ║
    ║     libgstvideo-1.0.so.0                             ║
    ║     libgstgl-1.0.so.0                                ║
    ║     libgstcodecparsers-1.0.so.0                      ║
    ║     libgstfft-1.0.so.0                               ║
    ║     libflite.so.1                                    ║
    ║     libflite_usenglish.so.1                          ║
    ║     libflite_cmu_grapheme_lang.so.1                  ║
    ║     libflite_cmu_grapheme_lex.so.1                   ║
    ║     libflite_cmu_indic_lang.so.1                     ║
    ║     libflite_cmu_indic_lex.so.1                      ║
    ║     libflite_cmulex.so.1                             ║
    ║     libflite_cmu_time_awb.so.1                       ║
    ║     libflite_cmu_us_awb.so.1                         ║
    ║     libflite_cmu_us_kal16.so.1                       ║
    ║     libflite_cmu_us_kal.so.1                         ║
    ║     libflite_cmu_us_rms.so.1                         ║
    ║     libflite_cmu_us_slt.so.1                         ║
    ║     libavif.so.16                                    ║
    ║     libharfbuzz-icu.so.0                             ║
    ║     libwebpmux.so.3                                  ║
    ║     libenchant-2.so.2                                ║
    ║     libsecret-1.so.0                                 ║
    ║     libhyphen.so.0                                   ║
    ║     libmanette-0.2.so.0                              ║
    ║     libGLESv2.so.2                                   ║
    ║     libx264.so                                       ║
    ╚══════════════════════════════════════════════════════╝
]]>
</failure>
</testcase>
<testcase name="Performance Tests › Performance Regression Detection" classname="performance/performance.spec.ts" time="0.006">
<failure message="performance.spec.ts:228:7 Performance Regression Detection" type="FAILURE">
<![CDATA[  [webkit] › performance/performance.spec.ts:228:7 › Performance Tests › Performance Regression Detection 

    Error: browserType.launch: 
    ╔══════════════════════════════════════════════════════╗
    ║ Host system is missing dependencies to run browsers. ║
    ║ Missing libraries:                                   ║
    ║     libgstreamer-1.0.so.0                            ║
    ║     libgtk-4.so.1                                    ║
    ║     libgraphene-1.0.so.0                             ║
    ║     libicudata.so.74                                 ║
    ║     libicui18n.so.74                                 ║
    ║     libicuuc.so.74                                   ║
    ║     libxslt.so.1                                     ║
    ║     libwoff2dec.so.1.0.2                             ║
    ║     libvpx.so.9                                      ║
    ║     libevent-2.1.so.7                                ║
    ║     libopus.so.0                                     ║
    ║     libgstallocators-1.0.so.0                        ║
    ║     libgstapp-1.0.so.0                               ║
    ║     libgstbase-1.0.so.0                              ║
    ║     libgstpbutils-1.0.so.0                           ║
    ║     libgstaudio-1.0.so.0                             ║
    ║     libgsttag-1.0.so.0                               ║
    ║     libgstvideo-1.0.so.0                             ║
    ║     libgstgl-1.0.so.0                                ║
    ║     libgstcodecparsers-1.0.so.0                      ║
    ║     libgstfft-1.0.so.0                               ║
    ║     libflite.so.1                                    ║
    ║     libflite_usenglish.so.1                          ║
    ║     libflite_cmu_grapheme_lang.so.1                  ║
    ║     libflite_cmu_grapheme_lex.so.1                   ║
    ║     libflite_cmu_indic_lang.so.1                     ║
    ║     libflite_cmu_indic_lex.so.1                      ║
    ║     libflite_cmulex.so.1                             ║
    ║     libflite_cmu_time_awb.so.1                       ║
    ║     libflite_cmu_us_awb.so.1                         ║
    ║     libflite_cmu_us_kal16.so.1                       ║
    ║     libflite_cmu_us_kal.so.1                         ║
    ║     libflite_cmu_us_rms.so.1                         ║
    ║     libflite_cmu_us_slt.so.1                         ║
    ║     libavif.so.16                                    ║
    ║     libharfbuzz-icu.so.0                             ║
    ║     libwebpmux.so.3                                  ║
    ║     libenchant-2.so.2                                ║
    ║     libsecret-1.so.0                                 ║
    ║     libhyphen.so.0                                   ║
    ║     libmanette-0.2.so.0                              ║
    ║     libGLESv2.so.2                                   ║
    ║     libx264.so                                       ║
    ╚══════════════════════════════════════════════════════╝
]]>
</failure>
</testcase>
</testsuite>
<testsuite name="performance/lighthouse.spec.ts" timestamp="2025-10-23T23:54:22.091Z" hostname="Mobile Chrome" tests="3" failures="3" skipped="0" time="3.213" errors="0">
<testcase name="Lighthouse Performance Tests › Homepage Lighthouse Audit" classname="performance/lighthouse.spec.ts" time="1.065">
<failure message="lighthouse.spec.ts:15:7 Homepage Lighthouse Audit" type="FAILURE">
<![CDATA[  [Mobile Chrome] › performance/lighthouse.spec.ts:15:7 › Lighthouse Performance Tests › Homepage Lighthouse Audit 

    TypeError: browser.wsEndpoint is not a function

      24 |       // Run Lighthouse audit
      25 |       const { lhr } = await lighthouse('http://localhost:3000', {
    > 26 |         port: new URL(browser.wsEndpoint()).port,
         |                               ^
      27 |         output: 'json',
      28 |         logLevel: 'info',
      29 |         onlyCategories: ['performance', 'accessibility', 'best-practices', 'seo', 'pwa']
        at /workspace/tests/performance/lighthouse.spec.ts:26:31
]]>
</failure>
</testcase>
<testcase name="Lighthouse Performance Tests › Mobile Performance Audit" classname="performance/lighthouse.spec.ts" time="1.081">
<failure message="lighthouse.spec.ts:70:7 Mobile Performance Audit" type="FAILURE">
<![CDATA[  [Mobile Chrome] › performance/lighthouse.spec.ts:70:7 › Lighthouse Performance Tests › Mobile Performance Audit 

    TypeError: browser.wsEndpoint is not a function

      82 |       // Run Lighthouse audit with mobile configuration
      83 |       const { lhr } = await lighthouse('http://localhost:3000', {
    > 84 |         port: new URL(browser.wsEndpoint()).port,
         |                               ^
      85 |         output: 'json',
      86 |         logLevel: 'info',
      87 |         onlyCategories: ['performance'],
        at /workspace/tests/performance/lighthouse.spec.ts:84:31
]]>
</failure>
</testcase>
<testcase name="Lighthouse Performance Tests › Performance Budget Validation" classname="performance/lighthouse.spec.ts" time="1.067">
<failure message="lighthouse.spec.ts:121:7 Performance Budget Validation" type="FAILURE">
<![CDATA[  [Mobile Chrome] › performance/lighthouse.spec.ts:121:7 › Lighthouse Performance Tests › Performance Budget Validation 

    TypeError: browser.wsEndpoint is not a function

      128 |       
      129 |       const { lhr } = await lighthouse('http://localhost:3000', {
    > 130 |         port: new URL(browser.wsEndpoint()).port,
          |                               ^
      131 |         output: 'json',
      132 |         logLevel: 'info',
      133 |         onlyCategories: ['performance']
        at /workspace/tests/performance/lighthouse.spec.ts:130:31
]]>
</failure>
</testcase>
</testsuite>
<testsuite name="performance/performance.spec.ts" timestamp="2025-10-23T23:54:22.091Z" hostname="Mobile Chrome" tests="7" failures="7" skipped="0" time="36.651" errors="0">
<testcase name="Performance Tests › Homepage Performance" classname="performance/performance.spec.ts" time="31.382">
<failure message="performance.spec.ts:43:7 Homepage Performance" type="FAILURE">
<![CDATA[  [Mobile Chrome] › performance/performance.spec.ts:43:7 › Performance Tests › Homepage Performance 

    Test timeout of 30000ms exceeded.

    TypeError: Cannot read properties of undefined (reading 'length')

      34 |     
      35 |     // Log coverage information
    > 36 |     const jsSize = jsCoverage.reduce((total, entry) => total + entry.text.length, 0);
         |                                                                           ^
      37 |     const cssSize = cssCoverage.reduce((total, entry) => total + entry.text.length, 0);
      38 |     
      39 |     console.log(`JavaScript Coverage: ${(jsSize / 1024).toFixed(2)} KB`);
        at reduce (/workspace/tests/performance/performance.spec.ts:36:75)
        at /workspace/tests/performance/performance.spec.ts:36:31

    Error: page.evaluate: Test timeout of 30000ms exceeded.

      49 |     
      50 |     // Measure performance metrics
    > 51 |     const metrics = await page.evaluate(() => {
         |                                ^
      52 |       return new Promise((resolve) => {
      53 |         const observer = new PerformanceObserver((list) => {
      54 |           const entries = list.getEntries();
        at /workspace/tests/performance/performance.spec.ts:51:32

    attachment #1: screenshot (image/png) ──────────────────────────────────────────────────────────
    ../test-results/performance-performance-Pe-c9850--Tests-Homepage-Performance-Mobile-Chrome/test-failed-1.png
    ────────────────────────────────────────────────────────────────────────────────────────────────

    attachment #2: video (video/webm) ──────────────────────────────────────────────────────────────
    ../test-results/performance-performance-Pe-c9850--Tests-Homepage-Performance-Mobile-Chrome/video.webm
    ────────────────────────────────────────────────────────────────────────────────────────────────

    Error Context: ../test-results/performance-performance-Pe-c9850--Tests-Homepage-Performance-Mobile-Chrome/error-context.md
]]>
</failure>
<system-out>
<![CDATA[
[[ATTACHMENT|performance-performance-Pe-c9850--Tests-Homepage-Performance-Mobile-Chrome/test-failed-1.png]]

[[ATTACHMENT|performance-performance-Pe-c9850--Tests-Homepage-Performance-Mobile-Chrome/video.webm]]

[[ATTACHMENT|performance-performance-Pe-c9850--Tests-Homepage-Performance-Mobile-Chrome/error-context.md]]
]]>
</system-out>
</testcase>
<testcase name="Performance Tests › Component Lazy Loading" classname="performance/performance.spec.ts" time="0.893">
<failure message="performance.spec.ts:90:7 Component Lazy Loading" type="FAILURE">
<![CDATA[  [Mobile Chrome] › performance/performance.spec.ts:90:7 › Performance Tests › Component Lazy Loading 

    Error: expect(received).toBeGreaterThan(expected)

    Expected: > 0
    Received:   0

      93 |     // Check that components are lazy loaded
      94 |     const lazyComponents = await page.$$('[data-lazy]');
    > 95 |     expect(lazyComponents.length).toBeGreaterThan(0);
         |                                   ^
      96 |     
      97 |     // Scroll to trigger lazy loading
      98 |     await page.evaluate(() => window.scrollTo(0, document.body.scrollHeight));
        at /workspace/tests/performance/performance.spec.ts:95:35

    TypeError: Cannot read properties of undefined (reading 'length')

      34 |     
      35 |     // Log coverage information
    > 36 |     const jsSize = jsCoverage.reduce((total, entry) => total + entry.text.length, 0);
         |                                                                           ^
      37 |     const cssSize = cssCoverage.reduce((total, entry) => total + entry.text.length, 0);
      38 |     
      39 |     console.log(`JavaScript Coverage: ${(jsSize / 1024).toFixed(2)} KB`);
        at reduce (/workspace/tests/performance/performance.spec.ts:36:75)
        at /workspace/tests/performance/performance.spec.ts:36:31

    attachment #1: screenshot (image/png) ──────────────────────────────────────────────────────────
    ../test-results/performance-performance-Pe-c992d-ests-Component-Lazy-Loading-Mobile-Chrome/test-failed-1.png
    ────────────────────────────────────────────────────────────────────────────────────────────────

    attachment #2: video (video/webm) ──────────────────────────────────────────────────────────────
    ../test-results/performance-performance-Pe-c992d-ests-Component-Lazy-Loading-Mobile-Chrome/video.webm
    ────────────────────────────────────────────────────────────────────────────────────────────────

    Error Context: ../test-results/performance-performance-Pe-c992d-ests-Component-Lazy-Loading-Mobile-Chrome/error-context.md
]]>
</failure>
<system-out>
<![CDATA[
[[ATTACHMENT|performance-performance-Pe-c992d-ests-Component-Lazy-Loading-Mobile-Chrome/test-failed-1.png]]

[[ATTACHMENT|performance-performance-Pe-c992d-ests-Component-Lazy-Loading-Mobile-Chrome/video.webm]]

[[ATTACHMENT|performance-performance-Pe-c992d-ests-Component-Lazy-Loading-Mobile-Chrome/error-context.md]]
]]>
</system-out>
</testcase>
<testcase name="Performance Tests › Image Optimization" classname="performance/performance.spec.ts" time="0.895">
<failure message="performance.spec.ts:106:7 Image Optimization" type="FAILURE">
<![CDATA[  [Mobile Chrome] › performance/performance.spec.ts:106:7 › Performance Tests › Image Optimization ─

    Error: expect(received).toBeGreaterThan(expected)

    Expected: > 0
    Received:   0

      109 |     // Check for optimized images
      110 |     const images = await page.$$('img');
    > 111 |     expect(images.length).toBeGreaterThan(0);
          |                           ^
      112 |     
      113 |     // Check image loading performance
      114 |     const imageLoadTimes = await page.evaluate(() => {
        at /workspace/tests/performance/performance.spec.ts:111:27

    TypeError: Cannot read properties of undefined (reading 'length')

      34 |     
      35 |     // Log coverage information
    > 36 |     const jsSize = jsCoverage.reduce((total, entry) => total + entry.text.length, 0);
         |                                                                           ^
      37 |     const cssSize = cssCoverage.reduce((total, entry) => total + entry.text.length, 0);
      38 |     
      39 |     console.log(`JavaScript Coverage: ${(jsSize / 1024).toFixed(2)} KB`);
        at reduce (/workspace/tests/performance/performance.spec.ts:36:75)
        at /workspace/tests/performance/performance.spec.ts:36:31

    attachment #1: screenshot (image/png) ──────────────────────────────────────────────────────────
    ../test-results/performance-performance-Performance-Tests-Image-Optimization-Mobile-Chrome/test-failed-1.png
    ────────────────────────────────────────────────────────────────────────────────────────────────

    attachment #2: video (video/webm) ──────────────────────────────────────────────────────────────
    ../test-results/performance-performance-Performance-Tests-Image-Optimization-Mobile-Chrome/video.webm
    ────────────────────────────────────────────────────────────────────────────────────────────────

    Error Context: ../test-results/performance-performance-Performance-Tests-Image-Optimization-Mobile-Chrome/error-context.md
]]>
</failure>
<system-out>
<![CDATA[
[[ATTACHMENT|performance-performance-Performance-Tests-Image-Optimization-Mobile-Chrome/test-failed-1.png]]

[[ATTACHMENT|performance-performance-Performance-Tests-Image-Optimization-Mobile-Chrome/video.webm]]

[[ATTACHMENT|performance-performance-Performance-Tests-Image-Optimization-Mobile-Chrome/error-context.md]]
]]>
</system-out>
</testcase>
<testcase name="Performance Tests › Bundle Size Analysis" classname="performance/performance.spec.ts" time="0.923">
<failure message="performance.spec.ts:145:7 Bundle Size Analysis" type="FAILURE">
<![CDATA[  [Mobile Chrome] › performance/performance.spec.ts:145:7 › Performance Tests › Bundle Size Analysis 

    Error: expect(received).toBeLessThan(expected)

    Expected: < 100
    Received:   159.47265625

      167 |     // Assert bundle size thresholds
      168 |     expect(totalJSSize).toBeLessThan(PERFORMANCE_THRESHOLDS.jsSize);
    > 169 |     expect(totalCSSSize).toBeLessThan(PERFORMANCE_THRESHOLDS.cssSize);
          |                          ^
      170 |     expect(totalSize).toBeLessThan(PERFORMANCE_THRESHOLDS.totalSize);
      171 |     
      172 |     console.log(`Total JS Size: ${totalJSSize.toFixed(2)} KB`);
        at /workspace/tests/performance/performance.spec.ts:169:26

    TypeError: Cannot read properties of undefined (reading 'length')

      34 |     
      35 |     // Log coverage information
    > 36 |     const jsSize = jsCoverage.reduce((total, entry) => total + entry.text.length, 0);
         |                                                                           ^
      37 |     const cssSize = cssCoverage.reduce((total, entry) => total + entry.text.length, 0);
      38 |     
      39 |     console.log(`JavaScript Coverage: ${(jsSize / 1024).toFixed(2)} KB`);
        at reduce (/workspace/tests/performance/performance.spec.ts:36:75)
        at /workspace/tests/performance/performance.spec.ts:36:31

    attachment #1: screenshot (image/png) ──────────────────────────────────────────────────────────
    ../test-results/performance-performance-Pe-f02cc--Tests-Bundle-Size-Analysis-Mobile-Chrome/test-failed-1.png
    ────────────────────────────────────────────────────────────────────────────────────────────────

    attachment #2: video (video/webm) ──────────────────────────────────────────────────────────────
    ../test-results/performance-performance-Pe-f02cc--Tests-Bundle-Size-Analysis-Mobile-Chrome/video.webm
    ────────────────────────────────────────────────────────────────────────────────────────────────

    Error Context: ../test-results/performance-performance-Pe-f02cc--Tests-Bundle-Size-Analysis-Mobile-Chrome/error-context.md
]]>
</failure>
<system-out>
<![CDATA[
[[ATTACHMENT|performance-performance-Pe-f02cc--Tests-Bundle-Size-Analysis-Mobile-Chrome/test-failed-1.png]]

[[ATTACHMENT|performance-performance-Pe-f02cc--Tests-Bundle-Size-Analysis-Mobile-Chrome/video.webm]]

[[ATTACHMENT|performance-performance-Pe-f02cc--Tests-Bundle-Size-Analysis-Mobile-Chrome/error-context.md]]
]]>
</system-out>
</testcase>
<testcase name="Performance Tests › Memory Usage" classname="performance/performance.spec.ts" time="0.9">
<failure message="performance.spec.ts:177:7 Memory Usage" type="FAILURE">
<![CDATA[  [Mobile Chrome] › performance/performance.spec.ts:177:7 › Performance Tests › Memory Usage ───────

    TypeError: Cannot read properties of undefined (reading 'length')

      34 |     
      35 |     // Log coverage information
    > 36 |     const jsSize = jsCoverage.reduce((total, entry) => total + entry.text.length, 0);
         |                                                                           ^
      37 |     const cssSize = cssCoverage.reduce((total, entry) => total + entry.text.length, 0);
      38 |     
      39 |     console.log(`JavaScript Coverage: ${(jsSize / 1024).toFixed(2)} KB`);
        at reduce (/workspace/tests/performance/performance.spec.ts:36:75)
        at /workspace/tests/performance/performance.spec.ts:36:31

    attachment #1: video (video/webm) ──────────────────────────────────────────────────────────────
    ../test-results/performance-performance-Performance-Tests-Memory-Usage-Mobile-Chrome/video.webm
    ────────────────────────────────────────────────────────────────────────────────────────────────

    attachment #2: screenshot (image/png) ──────────────────────────────────────────────────────────
    ../test-results/performance-performance-Performance-Tests-Memory-Usage-Mobile-Chrome/test-failed-1.png
    ────────────────────────────────────────────────────────────────────────────────────────────────

    Error Context: ../test-results/performance-performance-Performance-Tests-Memory-Usage-Mobile-Chrome/error-context.md
]]>
</failure>
<system-out>
<![CDATA[Used Memory: 12.78 MB
Total Memory: 17.36 MB

[[ATTACHMENT|performance-performance-Performance-Tests-Memory-Usage-Mobile-Chrome/video.webm]]

[[ATTACHMENT|performance-performance-Performance-Tests-Memory-Usage-Mobile-Chrome/test-failed-1.png]]

[[ATTACHMENT|performance-performance-Performance-Tests-Memory-Usage-Mobile-Chrome/error-context.md]]
]]>
</system-out>
</testcase>
<testcase name="Performance Tests › Service Worker Performance" classname="performance/performance.spec.ts" time="0.849">
<failure message="performance.spec.ts:202:7 Service Worker Performance" type="FAILURE">
<![CDATA[  [Mobile Chrome] › performance/performance.spec.ts:202:7 › Performance Tests › Service Worker Performance 

    Error: expect(received).toBe(expected) // Object.is equality

    Expected: true
    Received: false

      208 |     });
      209 |     
    > 210 |     expect(swRegistered).toBe(true);
          |                          ^
      211 |     
      212 |     // Test offline functionality
      213 |     await page.context().setOffline(true);
        at /workspace/tests/performance/performance.spec.ts:210:26

    TypeError: Cannot read properties of undefined (reading 'length')

      34 |     
      35 |     // Log coverage information
    > 36 |     const jsSize = jsCoverage.reduce((total, entry) => total + entry.text.length, 0);
         |                                                                           ^
      37 |     const cssSize = cssCoverage.reduce((total, entry) => total + entry.text.length, 0);
      38 |     
      39 |     console.log(`JavaScript Coverage: ${(jsSize / 1024).toFixed(2)} KB`);
        at reduce (/workspace/tests/performance/performance.spec.ts:36:75)
        at /workspace/tests/performance/performance.spec.ts:36:31

    attachment #1: screenshot (image/png) ──────────────────────────────────────────────────────────
    ../test-results/performance-performance-Pe-2c2c2--Service-Worker-Performance-Mobile-Chrome/test-failed-1.png
    ────────────────────────────────────────────────────────────────────────────────────────────────

    attachment #2: video (video/webm) ──────────────────────────────────────────────────────────────
    ../test-results/performance-performance-Pe-2c2c2--Service-Worker-Performance-Mobile-Chrome/video.webm
    ────────────────────────────────────────────────────────────────────────────────────────────────

    Error Context: ../test-results/performance-performance-Pe-2c2c2--Service-Worker-Performance-Mobile-Chrome/error-context.md
]]>
</failure>
<system-out>
<![CDATA[
[[ATTACHMENT|performance-performance-Pe-2c2c2--Service-Worker-Performance-Mobile-Chrome/test-failed-1.png]]

[[ATTACHMENT|performance-performance-Pe-2c2c2--Service-Worker-Performance-Mobile-Chrome/video.webm]]

[[ATTACHMENT|performance-performance-Pe-2c2c2--Service-Worker-Performance-Mobile-Chrome/error-context.md]]
]]>
</system-out>
</testcase>
<testcase name="Performance Tests › Performance Regression Detection" classname="performance/performance.spec.ts" time="0.809">
<failure message="performance.spec.ts:228:7 Performance Regression Detection" type="FAILURE">
<![CDATA[  [Mobile Chrome] › performance/performance.spec.ts:228:7 › Performance Tests › Performance Regression Detection 

    TypeError: Cannot read properties of undefined (reading 'length')

      34 |     
      35 |     // Log coverage information
    > 36 |     const jsSize = jsCoverage.reduce((total, entry) => total + entry.text.length, 0);
         |                                                                           ^
      37 |     const cssSize = cssCoverage.reduce((total, entry) => total + entry.text.length, 0);
      38 |     
      39 |     console.log(`JavaScript Coverage: ${(jsSize / 1024).toFixed(2)} KB`);
        at reduce (/workspace/tests/performance/performance.spec.ts:36:75)
        at /workspace/tests/performance/performance.spec.ts:36:31

    attachment #1: video (video/webm) ──────────────────────────────────────────────────────────────
    ../test-results/performance-performance-Pe-f8da1-rmance-Regression-Detection-Mobile-Chrome/video.webm
    ────────────────────────────────────────────────────────────────────────────────────────────────

    attachment #2: screenshot (image/png) ──────────────────────────────────────────────────────────
    ../test-results/performance-performance-Pe-f8da1-rmance-Regression-Detection-Mobile-Chrome/test-failed-1.png
    ────────────────────────────────────────────────────────────────────────────────────────────────

    Error Context: ../test-results/performance-performance-Pe-f8da1-rmance-Regression-Detection-Mobile-Chrome/error-context.md
]]>
</failure>
<system-out>
<![CDATA[Performance Snapshot: {
  timestamp: [32m'2025-10-23T23:55:35.218Z'[39m,
  metrics: {
    CLS: [33m0[39m,
    FID: [33m0[39m,
    LCP: [33m0[39m,
    FCP: [33m0[39m,
    TTFB: [33m2.0999999940395355[39m,
    loadTime: [33m0.4000000059604645[39m,
    bundleSize: [33m0[39m,
    gzipSize: [33m0[39m
  },
  environment: [32m'test'[39m,
  userAgent: [32m'Mozilla/5.0 (Linux; Android 11; Pixel 5) AppleWebKit/537.36 (KHTML, like Gecko) Chrome/141.0.7390.37 Mobile Safari/537.36'[39m,
  url: [32m'http://localhost:3000/'[39m,
  sessionId: [32m'test-session'[39m
}

[[ATTACHMENT|performance-performance-Pe-f8da1-rmance-Regression-Detection-Mobile-Chrome/video.webm]]

[[ATTACHMENT|performance-performance-Pe-f8da1-rmance-Regression-Detection-Mobile-Chrome/test-failed-1.png]]

[[ATTACHMENT|performance-performance-Pe-f8da1-rmance-Regression-Detection-Mobile-Chrome/error-context.md]]
]]>
</system-out>
</testcase>
</testsuite>
<testsuite name="performance/lighthouse.spec.ts" timestamp="2025-10-23T23:54:22.091Z" hostname="Mobile Safari" tests="3" failures="3" skipped="0" time="2.775" errors="0">
<testcase name="Lighthouse Performance Tests › Homepage Lighthouse Audit" classname="performance/lighthouse.spec.ts" time="0.936">
<failure message="lighthouse.spec.ts:15:7 Homepage Lighthouse Audit" type="FAILURE">
<![CDATA[  [Mobile Safari] › performance/lighthouse.spec.ts:15:7 › Lighthouse Performance Tests › Homepage Lighthouse Audit 

    TypeError: browser.wsEndpoint is not a function

      24 |       // Run Lighthouse audit
      25 |       const { lhr } = await lighthouse('http://localhost:3000', {
    > 26 |         port: new URL(browser.wsEndpoint()).port,
         |                               ^
      27 |         output: 'json',
      28 |         logLevel: 'info',
      29 |         onlyCategories: ['performance', 'accessibility', 'best-practices', 'seo', 'pwa']
        at /workspace/tests/performance/lighthouse.spec.ts:26:31
]]>
</failure>
</testcase>
<testcase name="Lighthouse Performance Tests › Mobile Performance Audit" classname="performance/lighthouse.spec.ts" time="0.938">
<failure message="lighthouse.spec.ts:70:7 Mobile Performance Audit" type="FAILURE">
<![CDATA[  [Mobile Safari] › performance/lighthouse.spec.ts:70:7 › Lighthouse Performance Tests › Mobile Performance Audit 

    TypeError: browser.wsEndpoint is not a function

      82 |       // Run Lighthouse audit with mobile configuration
      83 |       const { lhr } = await lighthouse('http://localhost:3000', {
    > 84 |         port: new URL(browser.wsEndpoint()).port,
         |                               ^
      85 |         output: 'json',
      86 |         logLevel: 'info',
      87 |         onlyCategories: ['performance'],
        at /workspace/tests/performance/lighthouse.spec.ts:84:31
]]>
</failure>
</testcase>
<testcase name="Lighthouse Performance Tests › Performance Budget Validation" classname="performance/lighthouse.spec.ts" time="0.901">
<failure message="lighthouse.spec.ts:121:7 Performance Budget Validation" type="FAILURE">
<![CDATA[  [Mobile Safari] › performance/lighthouse.spec.ts:121:7 › Lighthouse Performance Tests › Performance Budget Validation 

    TypeError: browser.wsEndpoint is not a function

      128 |       
      129 |       const { lhr } = await lighthouse('http://localhost:3000', {
    > 130 |         port: new URL(browser.wsEndpoint()).port,
          |                               ^
      131 |         output: 'json',
      132 |         logLevel: 'info',
      133 |         onlyCategories: ['performance']
        at /workspace/tests/performance/lighthouse.spec.ts:130:31
]]>
</failure>
</testcase>
</testsuite>
<testsuite name="performance/performance.spec.ts" timestamp="2025-10-23T23:54:22.091Z" hostname="Mobile Safari" tests="7" failures="7" skipped="0" time="0.044" errors="0">
<testcase name="Performance Tests › Homepage Performance" classname="performance/performance.spec.ts" time="0.006">
<failure message="performance.spec.ts:43:7 Homepage Performance" type="FAILURE">
<![CDATA[  [Mobile Safari] › performance/performance.spec.ts:43:7 › Performance Tests › Homepage Performance 

    Error: browserType.launch: 
    ╔══════════════════════════════════════════════════════╗
    ║ Host system is missing dependencies to run browsers. ║
    ║ Missing libraries:                                   ║
    ║     libgstreamer-1.0.so.0                            ║
    ║     libgtk-4.so.1                                    ║
    ║     libgraphene-1.0.so.0                             ║
    ║     libicudata.so.74                                 ║
    ║     libicui18n.so.74                                 ║
    ║     libicuuc.so.74                                   ║
    ║     libxslt.so.1                                     ║
    ║     libwoff2dec.so.1.0.2                             ║
    ║     libvpx.so.9                                      ║
    ║     libevent-2.1.so.7                                ║
    ║     libopus.so.0                                     ║
    ║     libgstallocators-1.0.so.0                        ║
    ║     libgstapp-1.0.so.0                               ║
    ║     libgstbase-1.0.so.0                              ║
    ║     libgstpbutils-1.0.so.0                           ║
    ║     libgstaudio-1.0.so.0                             ║
    ║     libgsttag-1.0.so.0                               ║
    ║     libgstvideo-1.0.so.0                             ║
    ║     libgstgl-1.0.so.0                                ║
    ║     libgstcodecparsers-1.0.so.0                      ║
    ║     libgstfft-1.0.so.0                               ║
    ║     libflite.so.1                                    ║
    ║     libflite_usenglish.so.1                          ║
    ║     libflite_cmu_grapheme_lang.so.1                  ║
    ║     libflite_cmu_grapheme_lex.so.1                   ║
    ║     libflite_cmu_indic_lang.so.1                     ║
    ║     libflite_cmu_indic_lex.so.1                      ║
    ║     libflite_cmulex.so.1                             ║
    ║     libflite_cmu_time_awb.so.1                       ║
    ║     libflite_cmu_us_awb.so.1                         ║
    ║     libflite_cmu_us_kal16.so.1                       ║
    ║     libflite_cmu_us_kal.so.1                         ║
    ║     libflite_cmu_us_rms.so.1                         ║
    ║     libflite_cmu_us_slt.so.1                         ║
    ║     libavif.so.16                                    ║
    ║     libharfbuzz-icu.so.0                             ║
    ║     libwebpmux.so.3                                  ║
    ║     libenchant-2.so.2                                ║
    ║     libsecret-1.so.0                                 ║
    ║     libhyphen.so.0                                   ║
    ║     libmanette-0.2.so.0                              ║
    ║     libGLESv2.so.2                                   ║
    ║     libx264.so                                       ║
    ╚══════════════════════════════════════════════════════╝
]]>
</failure>
</testcase>
<testcase name="Performance Tests › Component Lazy Loading" classname="performance/performance.spec.ts" time="0.005">
<failure message="performance.spec.ts:90:7 Component Lazy Loading" type="FAILURE">
<![CDATA[  [Mobile Safari] › performance/performance.spec.ts:90:7 › Performance Tests › Component Lazy Loading 

    Error: browserType.launch: 
    ╔══════════════════════════════════════════════════════╗
    ║ Host system is missing dependencies to run browsers. ║
    ║ Missing libraries:                                   ║
    ║     libgstreamer-1.0.so.0                            ║
    ║     libgtk-4.so.1                                    ║
    ║     libgraphene-1.0.so.0                             ║
    ║     libicudata.so.74                                 ║
    ║     libicui18n.so.74                                 ║
    ║     libicuuc.so.74                                   ║
    ║     libxslt.so.1                                     ║
    ║     libwoff2dec.so.1.0.2                             ║
    ║     libvpx.so.9                                      ║
    ║     libevent-2.1.so.7                                ║
    ║     libopus.so.0                                     ║
    ║     libgstallocators-1.0.so.0                        ║
    ║     libgstapp-1.0.so.0                               ║
    ║     libgstbase-1.0.so.0                              ║
    ║     libgstpbutils-1.0.so.0                           ║
    ║     libgstaudio-1.0.so.0                             ║
    ║     libgsttag-1.0.so.0                               ║
    ║     libgstvideo-1.0.so.0                             ║
    ║     libgstgl-1.0.so.0                                ║
    ║     libgstcodecparsers-1.0.so.0                      ║
    ║     libgstfft-1.0.so.0                               ║
    ║     libflite.so.1                                    ║
    ║     libflite_usenglish.so.1                          ║
    ║     libflite_cmu_grapheme_lang.so.1                  ║
    ║     libflite_cmu_grapheme_lex.so.1                   ║
    ║     libflite_cmu_indic_lang.so.1                     ║
    ║     libflite_cmu_indic_lex.so.1                      ║
    ║     libflite_cmulex.so.1                             ║
    ║     libflite_cmu_time_awb.so.1                       ║
    ║     libflite_cmu_us_awb.so.1                         ║
    ║     libflite_cmu_us_kal16.so.1                       ║
    ║     libflite_cmu_us_kal.so.1                         ║
    ║     libflite_cmu_us_rms.so.1                         ║
    ║     libflite_cmu_us_slt.so.1                         ║
    ║     libavif.so.16                                    ║
    ║     libharfbuzz-icu.so.0                             ║
    ║     libwebpmux.so.3                                  ║
    ║     libenchant-2.so.2                                ║
    ║     libsecret-1.so.0                                 ║
    ║     libhyphen.so.0                                   ║
    ║     libmanette-0.2.so.0                              ║
    ║     libGLESv2.so.2                                   ║
    ║     libx264.so                                       ║
    ╚══════════════════════════════════════════════════════╝
]]>
</failure>
</testcase>
<testcase name="Performance Tests › Image Optimization" classname="performance/performance.spec.ts" time="0.006">
<failure message="performance.spec.ts:106:7 Image Optimization" type="FAILURE">
<![CDATA[  [Mobile Safari] › performance/performance.spec.ts:106:7 › Performance Tests › Image Optimization ─

    Error: browserType.launch: 
    ╔══════════════════════════════════════════════════════╗
    ║ Host system is missing dependencies to run browsers. ║
    ║ Missing libraries:                                   ║
    ║     libgstreamer-1.0.so.0                            ║
    ║     libgtk-4.so.1                                    ║
    ║     libgraphene-1.0.so.0                             ║
    ║     libicudata.so.74                                 ║
    ║     libicui18n.so.74                                 ║
    ║     libicuuc.so.74                                   ║
    ║     libxslt.so.1                                     ║
    ║     libwoff2dec.so.1.0.2                             ║
    ║     libvpx.so.9                                      ║
    ║     libevent-2.1.so.7                                ║
    ║     libopus.so.0                                     ║
    ║     libgstallocators-1.0.so.0                        ║
    ║     libgstapp-1.0.so.0                               ║
    ║     libgstbase-1.0.so.0                              ║
    ║     libgstpbutils-1.0.so.0                           ║
    ║     libgstaudio-1.0.so.0                             ║
    ║     libgsttag-1.0.so.0                               ║
    ║     libgstvideo-1.0.so.0                             ║
    ║     libgstgl-1.0.so.0                                ║
    ║     libgstcodecparsers-1.0.so.0                      ║
    ║     libgstfft-1.0.so.0                               ║
    ║     libflite.so.1                                    ║
    ║     libflite_usenglish.so.1                          ║
    ║     libflite_cmu_grapheme_lang.so.1                  ║
    ║     libflite_cmu_grapheme_lex.so.1                   ║
    ║     libflite_cmu_indic_lang.so.1                     ║
    ║     libflite_cmu_indic_lex.so.1                      ║
    ║     libflite_cmulex.so.1                             ║
    ║     libflite_cmu_time_awb.so.1                       ║
    ║     libflite_cmu_us_awb.so.1                         ║
    ║     libflite_cmu_us_kal16.so.1                       ║
    ║     libflite_cmu_us_kal.so.1                         ║
    ║     libflite_cmu_us_rms.so.1                         ║
    ║     libflite_cmu_us_slt.so.1                         ║
    ║     libavif.so.16                                    ║
    ║     libharfbuzz-icu.so.0                             ║
    ║     libwebpmux.so.3                                  ║
    ║     libenchant-2.so.2                                ║
    ║     libsecret-1.so.0                                 ║
    ║     libhyphen.so.0                                   ║
    ║     libmanette-0.2.so.0                              ║
    ║     libGLESv2.so.2                                   ║
    ║     libx264.so                                       ║
    ╚══════════════════════════════════════════════════════╝
]]>
</failure>
</testcase>
<testcase name="Performance Tests › Bundle Size Analysis" classname="performance/performance.spec.ts" time="0.003">
<failure message="performance.spec.ts:145:7 Bundle Size Analysis" type="FAILURE">
<![CDATA[  [Mobile Safari] › performance/performance.spec.ts:145:7 › Performance Tests › Bundle Size Analysis 

    Error: browserType.launch: 
    ╔══════════════════════════════════════════════════════╗
    ║ Host system is missing dependencies to run browsers. ║
    ║ Missing libraries:                                   ║
    ║     libgstreamer-1.0.so.0                            ║
    ║     libgtk-4.so.1                                    ║
    ║     libgraphene-1.0.so.0                             ║
    ║     libicudata.so.74                                 ║
    ║     libicui18n.so.74                                 ║
    ║     libicuuc.so.74                                   ║
    ║     libxslt.so.1                                     ║
    ║     libwoff2dec.so.1.0.2                             ║
    ║     libvpx.so.9                                      ║
    ║     libevent-2.1.so.7                                ║
    ║     libopus.so.0                                     ║
    ║     libgstallocators-1.0.so.0                        ║
    ║     libgstapp-1.0.so.0                               ║
    ║     libgstbase-1.0.so.0                              ║
    ║     libgstpbutils-1.0.so.0                           ║
    ║     libgstaudio-1.0.so.0                             ║
    ║     libgsttag-1.0.so.0                               ║
    ║     libgstvideo-1.0.so.0                             ║
    ║     libgstgl-1.0.so.0                                ║
    ║     libgstcodecparsers-1.0.so.0                      ║
    ║     libgstfft-1.0.so.0                               ║
    ║     libflite.so.1                                    ║
    ║     libflite_usenglish.so.1                          ║
    ║     libflite_cmu_grapheme_lang.so.1                  ║
    ║     libflite_cmu_grapheme_lex.so.1                   ║
    ║     libflite_cmu_indic_lang.so.1                     ║
    ║     libflite_cmu_indic_lex.so.1                      ║
    ║     libflite_cmulex.so.1                             ║
    ║     libflite_cmu_time_awb.so.1                       ║
    ║     libflite_cmu_us_awb.so.1                         ║
    ║     libflite_cmu_us_kal16.so.1                       ║
    ║     libflite_cmu_us_kal.so.1                         ║
    ║     libflite_cmu_us_rms.so.1                         ║
    ║     libflite_cmu_us_slt.so.1                         ║
    ║     libavif.so.16                                    ║
    ║     libharfbuzz-icu.so.0                             ║
    ║     libwebpmux.so.3                                  ║
    ║     libenchant-2.so.2                                ║
    ║     libsecret-1.so.0                                 ║
    ║     libhyphen.so.0                                   ║
    ║     libmanette-0.2.so.0                              ║
    ║     libGLESv2.so.2                                   ║
    ║     libx264.so                                       ║
    ╚══════════════════════════════════════════════════════╝
]]>
</failure>
</testcase>
<testcase name="Performance Tests › Memory Usage" classname="performance/performance.spec.ts" time="0.006">
<failure message="performance.spec.ts:177:7 Memory Usage" type="FAILURE">
<![CDATA[  [Mobile Safari] › performance/performance.spec.ts:177:7 › Performance Tests › Memory Usage ───────

    Error: browserType.launch: 
    ╔══════════════════════════════════════════════════════╗
    ║ Host system is missing dependencies to run browsers. ║
    ║ Missing libraries:                                   ║
    ║     libgstreamer-1.0.so.0                            ║
    ║     libgtk-4.so.1                                    ║
    ║     libgraphene-1.0.so.0                             ║
    ║     libicudata.so.74                                 ║
    ║     libicui18n.so.74                                 ║
    ║     libicuuc.so.74                                   ║
    ║     libxslt.so.1                                     ║
    ║     libwoff2dec.so.1.0.2                             ║
    ║     libvpx.so.9                                      ║
    ║     libevent-2.1.so.7                                ║
    ║     libopus.so.0                                     ║
    ║     libgstallocators-1.0.so.0                        ║
    ║     libgstapp-1.0.so.0                               ║
    ║     libgstbase-1.0.so.0                              ║
    ║     libgstpbutils-1.0.so.0                           ║
    ║     libgstaudio-1.0.so.0                             ║
    ║     libgsttag-1.0.so.0                               ║
    ║     libgstvideo-1.0.so.0                             ║
    ║     libgstgl-1.0.so.0                                ║
    ║     libgstcodecparsers-1.0.so.0                      ║
    ║     libgstfft-1.0.so.0                               ║
    ║     libflite.so.1                                    ║
    ║     libflite_usenglish.so.1                          ║
    ║     libflite_cmu_grapheme_lang.so.1                  ║
    ║     libflite_cmu_grapheme_lex.so.1                   ║
    ║     libflite_cmu_indic_lang.so.1                     ║
    ║     libflite_cmu_indic_lex.so.1                      ║
    ║     libflite_cmulex.so.1                             ║
    ║     libflite_cmu_time_awb.so.1                       ║
    ║     libflite_cmu_us_awb.so.1                         ║
    ║     libflite_cmu_us_kal16.so.1                       ║
    ║     libflite_cmu_us_kal.so.1                         ║
    ║     libflite_cmu_us_rms.so.1                         ║
    ║     libflite_cmu_us_slt.so.1                         ║
    ║     libavif.so.16                                    ║
    ║     libharfbuzz-icu.so.0                             ║
    ║     libwebpmux.so.3                                  ║
    ║     libenchant-2.so.2                                ║
    ║     libsecret-1.so.0                                 ║
    ║     libhyphen.so.0                                   ║
    ║     libmanette-0.2.so.0                              ║
    ║     libGLESv2.so.2                                   ║
    ║     libx264.so                                       ║
    ╚══════════════════════════════════════════════════════╝
]]>
</failure>
</testcase>
<testcase name="Performance Tests › Service Worker Performance" classname="performance/performance.spec.ts" time="0.006">
<failure message="performance.spec.ts:202:7 Service Worker Performance" type="FAILURE">
<![CDATA[  [Mobile Safari] › performance/performance.spec.ts:202:7 › Performance Tests › Service Worker Performance 

    Error: browserType.launch: 
    ╔══════════════════════════════════════════════════════╗
    ║ Host system is missing dependencies to run browsers. ║
    ║ Missing libraries:                                   ║
    ║     libgstreamer-1.0.so.0                            ║
    ║     libgtk-4.so.1                                    ║
    ║     libgraphene-1.0.so.0                             ║
    ║     libicudata.so.74                                 ║
    ║     libicui18n.so.74                                 ║
    ║     libicuuc.so.74                                   ║
    ║     libxslt.so.1                                     ║
    ║     libwoff2dec.so.1.0.2                             ║
    ║     libvpx.so.9                                      ║
    ║     libevent-2.1.so.7                                ║
    ║     libopus.so.0                                     ║
    ║     libgstallocators-1.0.so.0                        ║
    ║     libgstapp-1.0.so.0                               ║
    ║     libgstbase-1.0.so.0                              ║
    ║     libgstpbutils-1.0.so.0                           ║
    ║     libgstaudio-1.0.so.0                             ║
    ║     libgsttag-1.0.so.0                               ║
    ║     libgstvideo-1.0.so.0                             ║
    ║     libgstgl-1.0.so.0                                ║
    ║     libgstcodecparsers-1.0.so.0                      ║
    ║     libgstfft-1.0.so.0                               ║
    ║     libflite.so.1                                    ║
    ║     libflite_usenglish.so.1                          ║
    ║     libflite_cmu_grapheme_lang.so.1                  ║
    ║     libflite_cmu_grapheme_lex.so.1                   ║
    ║     libflite_cmu_indic_lang.so.1                     ║
    ║     libflite_cmu_indic_lex.so.1                      ║
    ║     libflite_cmulex.so.1                             ║
    ║     libflite_cmu_time_awb.so.1                       ║
    ║     libflite_cmu_us_awb.so.1                         ║
    ║     libflite_cmu_us_kal16.so.1                       ║
    ║     libflite_cmu_us_kal.so.1                         ║
    ║     libflite_cmu_us_rms.so.1                         ║
    ║     libflite_cmu_us_slt.so.1                         ║
    ║     libavif.so.16                                    ║
    ║     libharfbuzz-icu.so.0                             ║
    ║     libwebpmux.so.3                                  ║
    ║     libenchant-2.so.2                                ║
    ║     libsecret-1.so.0                                 ║
    ║     libhyphen.so.0                                   ║
    ║     libmanette-0.2.so.0                              ║
    ║     libGLESv2.so.2                                   ║
    ║     libx264.so                                       ║
    ╚══════════════════════════════════════════════════════╝
]]>
</failure>
</testcase>
<testcase name="Performance Tests › Performance Regression Detection" classname="performance/performance.spec.ts" time="0.012">
<failure message="performance.spec.ts:228:7 Performance Regression Detection" type="FAILURE">
<![CDATA[  [Mobile Safari] › performance/performance.spec.ts:228:7 › Performance Tests › Performance Regression Detection 

    Error: browserType.launch: 
    ╔══════════════════════════════════════════════════════╗
    ║ Host system is missing dependencies to run browsers. ║
    ║ Missing libraries:                                   ║
    ║     libgstreamer-1.0.so.0                            ║
    ║     libgtk-4.so.1                                    ║
    ║     libgraphene-1.0.so.0                             ║
    ║     libicudata.so.74                                 ║
    ║     libicui18n.so.74                                 ║
    ║     libicuuc.so.74                                   ║
    ║     libxslt.so.1                                     ║
    ║     libwoff2dec.so.1.0.2                             ║
    ║     libvpx.so.9                                      ║
    ║     libevent-2.1.so.7                                ║
    ║     libopus.so.0                                     ║
    ║     libgstallocators-1.0.so.0                        ║
    ║     libgstapp-1.0.so.0                               ║
    ║     libgstbase-1.0.so.0                              ║
    ║     libgstpbutils-1.0.so.0                           ║
    ║     libgstaudio-1.0.so.0                             ║
    ║     libgsttag-1.0.so.0                               ║
    ║     libgstvideo-1.0.so.0                             ║
    ║     libgstgl-1.0.so.0                                ║
    ║     libgstcodecparsers-1.0.so.0                      ║
    ║     libgstfft-1.0.so.0                               ║
    ║     libflite.so.1                                    ║
    ║     libflite_usenglish.so.1                          ║
    ║     libflite_cmu_grapheme_lang.so.1                  ║
    ║     libflite_cmu_grapheme_lex.so.1                   ║
    ║     libflite_cmu_indic_lang.so.1                     ║
    ║     libflite_cmu_indic_lex.so.1                      ║
    ║     libflite_cmulex.so.1                             ║
    ║     libflite_cmu_time_awb.so.1                       ║
    ║     libflite_cmu_us_awb.so.1                         ║
    ║     libflite_cmu_us_kal16.so.1                       ║
    ║     libflite_cmu_us_kal.so.1                         ║
    ║     libflite_cmu_us_rms.so.1                         ║
    ║     libflite_cmu_us_slt.so.1                         ║
    ║     libavif.so.16                                    ║
    ║     libharfbuzz-icu.so.0                             ║
    ║     libwebpmux.so.3                                  ║
    ║     libenchant-2.so.2                                ║
    ║     libsecret-1.so.0                                 ║
    ║     libhyphen.so.0                                   ║
    ║     libmanette-0.2.so.0                              ║
    ║     libGLESv2.so.2                                   ║
    ║     libx264.so                                       ║
    ╚══════════════════════════════════════════════════════╝
]]>
</failure>
</testcase>
</testsuite>
</testsuites>